#
# There is insufficient memory for the Java Runtime Environment to continue.
# Native memory allocation (malloc) failed to allocate 291856 bytes for Chunk::new
# Possible reasons:
#   The system is out of physical RAM or swap space
#   The process is running with CompressedOops enabled, and the Java Heap may be blocking the growth of the native heap
# Possible solutions:
#   Reduce memory load on the system
#   Increase physical memory or swap space
#   Check if swap backing store is full
#   Decrease Java heap size (-Xmx/-Xms)
#   Decrease number of Java threads
#   Decrease Java thread stack sizes (-Xss)
#   Set larger code cache with -XX:ReservedCodeCacheSize=
#   JVM is running with Unscaled Compressed Oops mode in which the Java heap is
#     placed in the first 4GB address space. The Java Heap base address is the
#     maximum limit for the native heap growth. Please use -XX:HeapBaseMinAddress
#     to set the Java Heap base and to place the Java Heap above 4GB virtual address.
# This output file may be truncated or incomplete.
#
#  Out of Memory Error (./src/hotspot/share/memory/arena.cpp:197), pid=6012, tid=6552
#
# JRE version: OpenJDK Runtime Environment JBR-11.0.14.1.1-1751.46-jcef (11.0.14.1+1) (build 11.0.14.1+1-b1751.46)
# Java VM: OpenJDK 64-Bit Server VM JBR-11.0.14.1.1-1751.46-jcef (11.0.14.1+1-b1751.46, mixed mode, tiered, compressed oops, g1 gc, windows-amd64)
# No core dump will be written. Minidumps are not enabled by default on client versions of Windows
#

---------------  S U M M A R Y ------------

Command Line: -Djava.rmi.server.hostname=127.0.0.1 -Duser.timezone=UTC -Xmx500m -Xms256m -Dfile.encoding=UTF-8 com.intellij.database.remote.RemoteJdbcServer com.mysql.cj.jdbc.Driver

Host: AMD Ryzen 7 6800H with Radeon Graphics         , 16 cores, 15G,  Windows 11 , 64 bit Build 22621 (10.0.22621.1485)
Time: Wed Apr 19 19:50:58 2023 中国标准时间 elapsed time: 755.672627 seconds (0d 0h 12m 35s)

---------------  T H R E A D  ---------------

Current thread (0x0000017dbe508800):  JavaThread "C2 CompilerThread0" daemon [_thread_in_native, id=6552, stack(0x0000006850900000,0x0000006850a00000)]


Current CompileTask:
C2: 755672 2745       4       java.io.ObjectInputStream$BlockDataInputStream::readLong (76 bytes)

Stack: [0x0000006850900000,0x0000006850a00000]
Native frames: (J=compiled Java code, j=interpreted, Vv=VM code, C=native code)
V  [jvm.dll+0x61601a]
V  [jvm.dll+0x79c3b0]
V  [jvm.dll+0x79d9cd]
V  [jvm.dll+0x79e0a3]
V  [jvm.dll+0x24ca38]
V  [jvm.dll+0xc14ac]
V  [jvm.dll+0xc19dc]
V  [jvm.dll+0x362f6d]
V  [jvm.dll+0x32ddd3]
V  [jvm.dll+0x32d2ca]
V  [jvm.dll+0x2052b2]
V  [jvm.dll+0x204437]
V  [jvm.dll+0x18b341]
V  [jvm.dll+0x21310f]
V  [jvm.dll+0x2119b1]
V  [jvm.dll+0x76300f]
V  [jvm.dll+0x75bc05]
V  [jvm.dll+0x614c86]
C  [ucrtbase.dll+0x29363]
C  [KERNEL32.DLL+0x1269d]
C  [ntdll.dll+0x5a9f8]


---------------  P R O C E S S  ---------------

Threads class SMR info:
_java_thread_list=0x0000017dbe8c1dc0, length=18, elements={
0x0000017da6506000, 0x0000017dbe48d800, 0x0000017dbe497000, 0x0000017dbe503000,
0x0000017dbe504000, 0x0000017dbe505000, 0x0000017dbe508800, 0x0000017dbe50c800,
0x0000017dbe515800, 0x0000017dbe6a6000, 0x0000017dbe764800, 0x0000017dbeae8000,
0x0000017dbeaac800, 0x0000017dbeaad800, 0x0000017dbeab7000, 0x0000017dbeeec000,
0x0000017dbeb92000, 0x0000017dbf7e1800
}

Java Threads: ( => current thread )
  0x0000017da6506000 JavaThread "main" [_thread_blocked, id=16580, stack(0x000000684fd00000,0x000000684fe00000)]
  0x0000017dbe48d800 JavaThread "Reference Handler" daemon [_thread_blocked, id=11556, stack(0x0000006850400000,0x0000006850500000)]
  0x0000017dbe497000 JavaThread "Finalizer" daemon [_thread_blocked, id=16604, stack(0x0000006850500000,0x0000006850600000)]
  0x0000017dbe503000 JavaThread "Signal Dispatcher" daemon [_thread_blocked, id=21636, stack(0x0000006850600000,0x0000006850700000)]
  0x0000017dbe504000 JavaThread "Attach Listener" daemon [_thread_blocked, id=10904, stack(0x0000006850700000,0x0000006850800000)]
  0x0000017dbe505000 JavaThread "Service Thread" daemon [_thread_blocked, id=13524, stack(0x0000006850800000,0x0000006850900000)]
=>0x0000017dbe508800 JavaThread "C2 CompilerThread0" daemon [_thread_in_native, id=6552, stack(0x0000006850900000,0x0000006850a00000)]
  0x0000017dbe50c800 JavaThread "C1 CompilerThread0" daemon [_thread_blocked, id=2248, stack(0x0000006850a00000,0x0000006850b00000)]
  0x0000017dbe515800 JavaThread "Sweeper thread" daemon [_thread_blocked, id=22504, stack(0x0000006850b00000,0x0000006850c00000)]
  0x0000017dbe6a6000 JavaThread "Common-Cleaner" daemon [_thread_blocked, id=13492, stack(0x0000006850d00000,0x0000006850e00000)]
  0x0000017dbe764800 JavaThread "mysql-cj-abandoned-connection-cleanup" daemon [_thread_blocked, id=5312, stack(0x0000006851100000,0x0000006851200000)]
  0x0000017dbeae8000 JavaThread "RMI TCP Accept-44141" daemon [_thread_in_native, id=9056, stack(0x0000006851300000,0x0000006851400000)]
  0x0000017dbeaac800 JavaThread "RMI TCP Accept-0" daemon [_thread_in_native, id=6768, stack(0x0000006851400000,0x0000006851500000)]
  0x0000017dbeaad800 JavaThread "RMI Reaper" [_thread_blocked, id=12108, stack(0x0000006851500000,0x0000006851600000)]
  0x0000017dbeab7000 JavaThread "RMI GC Daemon" daemon [_thread_blocked, id=10064, stack(0x0000006851600000,0x0000006851700000)]
  0x0000017dbeeec000 JavaThread "RMI TCP Connection(1)-127.0.0.1" daemon [_thread_in_native, id=22404, stack(0x0000006851800000,0x0000006851900000)]
  0x0000017dbeb92000 JavaThread "RMI Scheduler(0)" daemon [_thread_blocked, id=11508, stack(0x0000006851900000,0x0000006851a00000)]
  0x0000017dbf7e1800 JavaThread "RMI TCP Connection(2)-127.0.0.1" daemon [_thread_in_native, id=21292, stack(0x0000006851a00000,0x0000006851b00000)]

Other Threads:
  0x0000017dbdc5c800 VMThread "VM Thread" [stack: 0x0000006850300000,0x0000006850400000] [id=19000]
  0x0000017dbe69b800 WatcherThread [stack: 0x0000006850c00000,0x0000006850d00000] [id=11824]
  0x0000017da6520800 GCTaskThread "GC Thread#0" [stack: 0x000000684fe00000,0x000000684ff00000] [id=9252]
  0x0000017dbe7b2800 GCTaskThread "GC Thread#1" [stack: 0x0000006851700000,0x0000006851800000] [id=5508]
  0x0000017dbf828800 GCTaskThread "GC Thread#2" [stack: 0x0000006851b00000,0x0000006851c00000] [id=15648]
  0x0000017dbf829000 GCTaskThread "GC Thread#3" [stack: 0x0000006851c00000,0x0000006851d00000] [id=19340]
  0x0000017dbec33800 GCTaskThread "GC Thread#4" [stack: 0x0000006851d00000,0x0000006851e00000] [id=19428]
  0x0000017dbec34800 GCTaskThread "GC Thread#5" [stack: 0x0000006851e00000,0x0000006851f00000] [id=21744]
  0x0000017da6536800 ConcurrentGCThread "G1 Main Marker" [stack: 0x000000684ff00000,0x0000006850000000] [id=10980]
  0x0000017da6538800 ConcurrentGCThread "G1 Conc#0" [stack: 0x0000006850000000,0x0000006850100000] [id=2900]
  0x0000017dbec5d800 ConcurrentGCThread "G1 Conc#1" [stack: 0x0000006852000000,0x0000006852100000] [id=864]
  0x0000017dbf686800 ConcurrentGCThread "G1 Conc#2" [stack: 0x0000006852100000,0x0000006852200000] [id=1800]
  0x0000017dbdad2800 ConcurrentGCThread "G1 Refine#0" [stack: 0x0000006850100000,0x0000006850200000] [id=19364]
  0x0000017dbdad5800 ConcurrentGCThread "G1 Young RemSet Sampling" [stack: 0x0000006850200000,0x0000006850300000] [id=20440]

Threads with active compile tasks:
C2 CompilerThread0 755690 2745       4       java.io.ObjectInputStream$BlockDataInputStream::readLong (76 bytes)

VM state:not at safepoint (normal execution)

VM Mutex/Monitor currently owned by a thread: None

Heap address: 0x00000000e0c00000, size: 500 MB, Compressed Oops mode: 32-bit
Narrow klass base: 0x0000000000000000, Narrow klass shift: 3
Compressed class space size: 1073741824 Address: 0x0000000100000000

Heap:
 garbage-first heap   total 262144K, used 16415K [0x00000000e0c00000, 0x0000000100000000)
  region size 1024K, 11 young (11264K), 1 survivors (1024K)
 Metaspace       used 22212K, capacity 22862K, committed 22960K, reserved 1069056K
  class space    used 2278K, capacity 2528K, committed 2560K, reserved 1048576K
Heap Regions: E=young(eden), S=young(survivor), O=old, HS=humongous(starts), HC=humongous(continues), CS=collection set, F=free, A=archive, TAMS=top-at-mark-start (previous, next)
|   0|0x00000000e0c00000, 0x00000000e0d00000, 0x00000000e0d00000|100%| O|  |TAMS 0x00000000e0d00000, 0x00000000e0c00000| Untracked 
|   1|0x00000000e0d00000, 0x00000000e0e00000, 0x00000000e0e00000|100%| O|  |TAMS 0x00000000e0dd0c00, 0x00000000e0d00000| Untracked 
|   2|0x00000000e0e00000, 0x00000000e0f00000, 0x00000000e0f00000|100%| O|  |TAMS 0x00000000e0e00000, 0x00000000e0e00000| Untracked 
|   3|0x00000000e0f00000, 0x00000000e1000000, 0x00000000e1000000|100%| O|  |TAMS 0x00000000e0f00000, 0x00000000e0f00000| Untracked 
|   4|0x00000000e1000000, 0x00000000e1100000, 0x00000000e1100000|100%| O|  |TAMS 0x00000000e1000000, 0x00000000e1000000| Untracked 
|   5|0x00000000e1100000, 0x00000000e1200000, 0x00000000e1200000|100%| O|  |TAMS 0x00000000e1100000, 0x00000000e1100000| Untracked 
|   6|0x00000000e1200000, 0x00000000e1241600, 0x00000000e1300000| 25%| O|  |TAMS 0x00000000e1200000, 0x00000000e1200000| Untracked 
|   7|0x00000000e1300000, 0x00000000e1300000, 0x00000000e1400000|  0%| F|  |TAMS 0x00000000e1300000, 0x00000000e1300000| Untracked 
|   8|0x00000000e1400000, 0x00000000e1400000, 0x00000000e1500000|  0%| F|  |TAMS 0x00000000e1400000, 0x00000000e1400000| Untracked 
|   9|0x00000000e1500000, 0x00000000e1500000, 0x00000000e1600000|  0%| F|  |TAMS 0x00000000e1500000, 0x00000000e1500000| Untracked 
|  10|0x00000000e1600000, 0x00000000e1600000, 0x00000000e1700000|  0%| F|  |TAMS 0x00000000e1600000, 0x00000000e1600000| Untracked 
|  11|0x00000000e1700000, 0x00000000e1700000, 0x00000000e1800000|  0%| F|  |TAMS 0x00000000e1700000, 0x00000000e1700000| Untracked 
|  12|0x00000000e1800000, 0x00000000e1800000, 0x00000000e1900000|  0%| F|  |TAMS 0x00000000e1800000, 0x00000000e1800000| Untracked 
|  13|0x00000000e1900000, 0x00000000e1900000, 0x00000000e1a00000|  0%| F|  |TAMS 0x00000000e1900000, 0x00000000e1900000| Untracked 
|  14|0x00000000e1a00000, 0x00000000e1a00000, 0x00000000e1b00000|  0%| F|  |TAMS 0x00000000e1a00000, 0x00000000e1a00000| Untracked 
|  15|0x00000000e1b00000, 0x00000000e1b00000, 0x00000000e1c00000|  0%| F|  |TAMS 0x00000000e1b00000, 0x00000000e1b00000| Untracked 
|  16|0x00000000e1c00000, 0x00000000e1c00000, 0x00000000e1d00000|  0%| F|  |TAMS 0x00000000e1c00000, 0x00000000e1c00000| Untracked 
|  17|0x00000000e1d00000, 0x00000000e1d00000, 0x00000000e1e00000|  0%| F|  |TAMS 0x00000000e1d00000, 0x00000000e1d00000| Untracked 
|  18|0x00000000e1e00000, 0x00000000e1e00000, 0x00000000e1f00000|  0%| F|  |TAMS 0x00000000e1e00000, 0x00000000e1e00000| Untracked 
|  19|0x00000000e1f00000, 0x00000000e1f00000, 0x00000000e2000000|  0%| F|  |TAMS 0x00000000e1f00000, 0x00000000e1f00000| Untracked 
|  20|0x00000000e2000000, 0x00000000e2000000, 0x00000000e2100000|  0%| F|  |TAMS 0x00000000e2000000, 0x00000000e2000000| Untracked 
|  21|0x00000000e2100000, 0x00000000e2100000, 0x00000000e2200000|  0%| F|  |TAMS 0x00000000e2100000, 0x00000000e2100000| Untracked 
|  22|0x00000000e2200000, 0x00000000e2200000, 0x00000000e2300000|  0%| F|  |TAMS 0x00000000e2200000, 0x00000000e2200000| Untracked 
|  23|0x00000000e2300000, 0x00000000e2300000, 0x00000000e2400000|  0%| F|  |TAMS 0x00000000e2300000, 0x00000000e2300000| Untracked 
|  24|0x00000000e2400000, 0x00000000e2400000, 0x00000000e2500000|  0%| F|  |TAMS 0x00000000e2400000, 0x00000000e2400000| Untracked 
|  25|0x00000000e2500000, 0x00000000e2500000, 0x00000000e2600000|  0%| F|  |TAMS 0x00000000e2500000, 0x00000000e2500000| Untracked 
|  26|0x00000000e2600000, 0x00000000e2600000, 0x00000000e2700000|  0%| F|  |TAMS 0x00000000e2600000, 0x00000000e2600000| Untracked 
|  27|0x00000000e2700000, 0x00000000e2700000, 0x00000000e2800000|  0%| F|  |TAMS 0x00000000e2700000, 0x00000000e2700000| Untracked 
|  28|0x00000000e2800000, 0x00000000e2800000, 0x00000000e2900000|  0%| F|  |TAMS 0x00000000e2800000, 0x00000000e2800000| Untracked 
|  29|0x00000000e2900000, 0x00000000e2900000, 0x00000000e2a00000|  0%| F|  |TAMS 0x00000000e2900000, 0x00000000e2900000| Untracked 
|  30|0x00000000e2a00000, 0x00000000e2a00000, 0x00000000e2b00000|  0%| F|  |TAMS 0x00000000e2a00000, 0x00000000e2a00000| Untracked 
|  31|0x00000000e2b00000, 0x00000000e2b00000, 0x00000000e2c00000|  0%| F|  |TAMS 0x00000000e2b00000, 0x00000000e2b00000| Untracked 
|  32|0x00000000e2c00000, 0x00000000e2c00000, 0x00000000e2d00000|  0%| F|  |TAMS 0x00000000e2c00000, 0x00000000e2c00000| Untracked 
|  33|0x00000000e2d00000, 0x00000000e2d00000, 0x00000000e2e00000|  0%| F|  |TAMS 0x00000000e2d00000, 0x00000000e2d00000| Untracked 
|  34|0x00000000e2e00000, 0x00000000e2e00000, 0x00000000e2f00000|  0%| F|  |TAMS 0x00000000e2e00000, 0x00000000e2e00000| Untracked 
|  35|0x00000000e2f00000, 0x00000000e2f00000, 0x00000000e3000000|  0%| F|  |TAMS 0x00000000e2f00000, 0x00000000e2f00000| Untracked 
|  36|0x00000000e3000000, 0x00000000e3000000, 0x00000000e3100000|  0%| F|  |TAMS 0x00000000e3000000, 0x00000000e3000000| Untracked 
|  37|0x00000000e3100000, 0x00000000e3100000, 0x00000000e3200000|  0%| F|  |TAMS 0x00000000e3100000, 0x00000000e3100000| Untracked 
|  38|0x00000000e3200000, 0x00000000e3200000, 0x00000000e3300000|  0%| F|  |TAMS 0x00000000e3200000, 0x00000000e3200000| Untracked 
|  39|0x00000000e3300000, 0x00000000e3300000, 0x00000000e3400000|  0%| F|  |TAMS 0x00000000e3300000, 0x00000000e3300000| Untracked 
|  40|0x00000000e3400000, 0x00000000e3400000, 0x00000000e3500000|  0%| F|  |TAMS 0x00000000e3400000, 0x00000000e3400000| Untracked 
|  41|0x00000000e3500000, 0x00000000e3500000, 0x00000000e3600000|  0%| F|  |TAMS 0x00000000e3500000, 0x00000000e3500000| Untracked 
|  42|0x00000000e3600000, 0x00000000e3600000, 0x00000000e3700000|  0%| F|  |TAMS 0x00000000e3600000, 0x00000000e3600000| Untracked 
|  43|0x00000000e3700000, 0x00000000e3700000, 0x00000000e3800000|  0%| F|  |TAMS 0x00000000e3700000, 0x00000000e3700000| Untracked 
|  44|0x00000000e3800000, 0x00000000e3800000, 0x00000000e3900000|  0%| F|  |TAMS 0x00000000e3800000, 0x00000000e3800000| Untracked 
|  45|0x00000000e3900000, 0x00000000e3900000, 0x00000000e3a00000|  0%| F|  |TAMS 0x00000000e3900000, 0x00000000e3900000| Untracked 
|  46|0x00000000e3a00000, 0x00000000e3a00000, 0x00000000e3b00000|  0%| F|  |TAMS 0x00000000e3a00000, 0x00000000e3a00000| Untracked 
|  47|0x00000000e3b00000, 0x00000000e3b00000, 0x00000000e3c00000|  0%| F|  |TAMS 0x00000000e3b00000, 0x00000000e3b00000| Untracked 
|  48|0x00000000e3c00000, 0x00000000e3c00000, 0x00000000e3d00000|  0%| F|  |TAMS 0x00000000e3c00000, 0x00000000e3c00000| Untracked 
|  49|0x00000000e3d00000, 0x00000000e3d00000, 0x00000000e3e00000|  0%| F|  |TAMS 0x00000000e3d00000, 0x00000000e3d00000| Untracked 
|  50|0x00000000e3e00000, 0x00000000e3e00000, 0x00000000e3f00000|  0%| F|  |TAMS 0x00000000e3e00000, 0x00000000e3e00000| Untracked 
|  51|0x00000000e3f00000, 0x00000000e3f00000, 0x00000000e4000000|  0%| F|  |TAMS 0x00000000e3f00000, 0x00000000e3f00000| Untracked 
|  52|0x00000000e4000000, 0x00000000e4000000, 0x00000000e4100000|  0%| F|  |TAMS 0x00000000e4000000, 0x00000000e4000000| Untracked 
|  53|0x00000000e4100000, 0x00000000e4100000, 0x00000000e4200000|  0%| F|  |TAMS 0x00000000e4100000, 0x00000000e4100000| Untracked 
|  54|0x00000000e4200000, 0x00000000e4200000, 0x00000000e4300000|  0%| F|  |TAMS 0x00000000e4200000, 0x00000000e4200000| Untracked 
|  55|0x00000000e4300000, 0x00000000e4300000, 0x00000000e4400000|  0%| F|  |TAMS 0x00000000e4300000, 0x00000000e4300000| Untracked 
|  56|0x00000000e4400000, 0x00000000e4400000, 0x00000000e4500000|  0%| F|  |TAMS 0x00000000e4400000, 0x00000000e4400000| Untracked 
|  57|0x00000000e4500000, 0x00000000e4500000, 0x00000000e4600000|  0%| F|  |TAMS 0x00000000e4500000, 0x00000000e4500000| Untracked 
|  58|0x00000000e4600000, 0x00000000e4600000, 0x00000000e4700000|  0%| F|  |TAMS 0x00000000e4600000, 0x00000000e4600000| Untracked 
|  59|0x00000000e4700000, 0x00000000e4700000, 0x00000000e4800000|  0%| F|  |TAMS 0x00000000e4700000, 0x00000000e4700000| Untracked 
|  60|0x00000000e4800000, 0x00000000e4800000, 0x00000000e4900000|  0%| F|  |TAMS 0x00000000e4800000, 0x00000000e4800000| Untracked 
|  61|0x00000000e4900000, 0x00000000e4900000, 0x00000000e4a00000|  0%| F|  |TAMS 0x00000000e4900000, 0x00000000e4900000| Untracked 
|  62|0x00000000e4a00000, 0x00000000e4a00000, 0x00000000e4b00000|  0%| F|  |TAMS 0x00000000e4a00000, 0x00000000e4a00000| Untracked 
|  63|0x00000000e4b00000, 0x00000000e4b00000, 0x00000000e4c00000|  0%| F|  |TAMS 0x00000000e4b00000, 0x00000000e4b00000| Untracked 
|  64|0x00000000e4c00000, 0x00000000e4c00000, 0x00000000e4d00000|  0%| F|  |TAMS 0x00000000e4c00000, 0x00000000e4c00000| Untracked 
|  65|0x00000000e4d00000, 0x00000000e4d00000, 0x00000000e4e00000|  0%| F|  |TAMS 0x00000000e4d00000, 0x00000000e4d00000| Untracked 
|  66|0x00000000e4e00000, 0x00000000e4e00000, 0x00000000e4f00000|  0%| F|  |TAMS 0x00000000e4e00000, 0x00000000e4e00000| Untracked 
|  67|0x00000000e4f00000, 0x00000000e4f00000, 0x00000000e5000000|  0%| F|  |TAMS 0x00000000e4f00000, 0x00000000e4f00000| Untracked 
|  68|0x00000000e5000000, 0x00000000e5000000, 0x00000000e5100000|  0%| F|  |TAMS 0x00000000e5000000, 0x00000000e5000000| Untracked 
|  69|0x00000000e5100000, 0x00000000e5100000, 0x00000000e5200000|  0%| F|  |TAMS 0x00000000e5100000, 0x00000000e5100000| Untracked 
|  70|0x00000000e5200000, 0x00000000e5200000, 0x00000000e5300000|  0%| F|  |TAMS 0x00000000e5200000, 0x00000000e5200000| Untracked 
|  71|0x00000000e5300000, 0x00000000e5300000, 0x00000000e5400000|  0%| F|  |TAMS 0x00000000e5300000, 0x00000000e5300000| Untracked 
|  72|0x00000000e5400000, 0x00000000e5400000, 0x00000000e5500000|  0%| F|  |TAMS 0x00000000e5400000, 0x00000000e5400000| Untracked 
|  73|0x00000000e5500000, 0x00000000e5500000, 0x00000000e5600000|  0%| F|  |TAMS 0x00000000e5500000, 0x00000000e5500000| Untracked 
|  74|0x00000000e5600000, 0x00000000e5600000, 0x00000000e5700000|  0%| F|  |TAMS 0x00000000e5600000, 0x00000000e5600000| Untracked 
|  75|0x00000000e5700000, 0x00000000e5700000, 0x00000000e5800000|  0%| F|  |TAMS 0x00000000e5700000, 0x00000000e5700000| Untracked 
|  76|0x00000000e5800000, 0x00000000e5800000, 0x00000000e5900000|  0%| F|  |TAMS 0x00000000e5800000, 0x00000000e5800000| Untracked 
|  77|0x00000000e5900000, 0x00000000e5900000, 0x00000000e5a00000|  0%| F|  |TAMS 0x00000000e5900000, 0x00000000e5900000| Untracked 
|  78|0x00000000e5a00000, 0x00000000e5a00000, 0x00000000e5b00000|  0%| F|  |TAMS 0x00000000e5a00000, 0x00000000e5a00000| Untracked 
|  79|0x00000000e5b00000, 0x00000000e5b00000, 0x00000000e5c00000|  0%| F|  |TAMS 0x00000000e5b00000, 0x00000000e5b00000| Untracked 
|  80|0x00000000e5c00000, 0x00000000e5c00000, 0x00000000e5d00000|  0%| F|  |TAMS 0x00000000e5c00000, 0x00000000e5c00000| Untracked 
|  81|0x00000000e5d00000, 0x00000000e5d00000, 0x00000000e5e00000|  0%| F|  |TAMS 0x00000000e5d00000, 0x00000000e5d00000| Untracked 
|  82|0x00000000e5e00000, 0x00000000e5e00000, 0x00000000e5f00000|  0%| F|  |TAMS 0x00000000e5e00000, 0x00000000e5e00000| Untracked 
|  83|0x00000000e5f00000, 0x00000000e5f00000, 0x00000000e6000000|  0%| F|  |TAMS 0x00000000e5f00000, 0x00000000e5f00000| Untracked 
|  84|0x00000000e6000000, 0x00000000e6000000, 0x00000000e6100000|  0%| F|  |TAMS 0x00000000e6000000, 0x00000000e6000000| Untracked 
|  85|0x00000000e6100000, 0x00000000e6100000, 0x00000000e6200000|  0%| F|  |TAMS 0x00000000e6100000, 0x00000000e6100000| Untracked 
|  86|0x00000000e6200000, 0x00000000e6200000, 0x00000000e6300000|  0%| F|  |TAMS 0x00000000e6200000, 0x00000000e6200000| Untracked 
|  87|0x00000000e6300000, 0x00000000e6300000, 0x00000000e6400000|  0%| F|  |TAMS 0x00000000e6300000, 0x00000000e6300000| Untracked 
|  88|0x00000000e6400000, 0x00000000e6400000, 0x00000000e6500000|  0%| F|  |TAMS 0x00000000e6400000, 0x00000000e6400000| Untracked 
|  89|0x00000000e6500000, 0x00000000e6500000, 0x00000000e6600000|  0%| F|  |TAMS 0x00000000e6500000, 0x00000000e6500000| Untracked 
|  90|0x00000000e6600000, 0x00000000e6600000, 0x00000000e6700000|  0%| F|  |TAMS 0x00000000e6600000, 0x00000000e6600000| Untracked 
|  91|0x00000000e6700000, 0x00000000e6700000, 0x00000000e6800000|  0%| F|  |TAMS 0x00000000e6700000, 0x00000000e6700000| Untracked 
|  92|0x00000000e6800000, 0x00000000e6800000, 0x00000000e6900000|  0%| F|  |TAMS 0x00000000e6800000, 0x00000000e6800000| Untracked 
|  93|0x00000000e6900000, 0x00000000e6900000, 0x00000000e6a00000|  0%| F|  |TAMS 0x00000000e6900000, 0x00000000e6900000| Untracked 
|  94|0x00000000e6a00000, 0x00000000e6a00000, 0x00000000e6b00000|  0%| F|  |TAMS 0x00000000e6a00000, 0x00000000e6a00000| Untracked 
|  95|0x00000000e6b00000, 0x00000000e6b00000, 0x00000000e6c00000|  0%| F|  |TAMS 0x00000000e6b00000, 0x00000000e6b00000| Untracked 
|  96|0x00000000e6c00000, 0x00000000e6c00000, 0x00000000e6d00000|  0%| F|  |TAMS 0x00000000e6c00000, 0x00000000e6c00000| Untracked 
|  97|0x00000000e6d00000, 0x00000000e6d00000, 0x00000000e6e00000|  0%| F|  |TAMS 0x00000000e6d00000, 0x00000000e6d00000| Untracked 
|  98|0x00000000e6e00000, 0x00000000e6e00000, 0x00000000e6f00000|  0%| F|  |TAMS 0x00000000e6e00000, 0x00000000e6e00000| Untracked 
|  99|0x00000000e6f00000, 0x00000000e6f00000, 0x00000000e7000000|  0%| F|  |TAMS 0x00000000e6f00000, 0x00000000e6f00000| Untracked 
| 100|0x00000000e7000000, 0x00000000e7000000, 0x00000000e7100000|  0%| F|  |TAMS 0x00000000e7000000, 0x00000000e7000000| Untracked 
| 101|0x00000000e7100000, 0x00000000e7100000, 0x00000000e7200000|  0%| F|  |TAMS 0x00000000e7100000, 0x00000000e7100000| Untracked 
| 102|0x00000000e7200000, 0x00000000e7200000, 0x00000000e7300000|  0%| F|  |TAMS 0x00000000e7200000, 0x00000000e7200000| Untracked 
| 103|0x00000000e7300000, 0x00000000e7300000, 0x00000000e7400000|  0%| F|  |TAMS 0x00000000e7300000, 0x00000000e7300000| Untracked 
| 104|0x00000000e7400000, 0x00000000e7400000, 0x00000000e7500000|  0%| F|  |TAMS 0x00000000e7400000, 0x00000000e7400000| Untracked 
| 105|0x00000000e7500000, 0x00000000e7500000, 0x00000000e7600000|  0%| F|  |TAMS 0x00000000e7500000, 0x00000000e7500000| Untracked 
| 106|0x00000000e7600000, 0x00000000e7600000, 0x00000000e7700000|  0%| F|  |TAMS 0x00000000e7600000, 0x00000000e7600000| Untracked 
| 107|0x00000000e7700000, 0x00000000e7700000, 0x00000000e7800000|  0%| F|  |TAMS 0x00000000e7700000, 0x00000000e7700000| Untracked 
| 108|0x00000000e7800000, 0x00000000e7800000, 0x00000000e7900000|  0%| F|  |TAMS 0x00000000e7800000, 0x00000000e7800000| Untracked 
| 109|0x00000000e7900000, 0x00000000e7900000, 0x00000000e7a00000|  0%| F|  |TAMS 0x00000000e7900000, 0x00000000e7900000| Untracked 
| 110|0x00000000e7a00000, 0x00000000e7a00000, 0x00000000e7b00000|  0%| F|  |TAMS 0x00000000e7a00000, 0x00000000e7a00000| Untracked 
| 111|0x00000000e7b00000, 0x00000000e7b00000, 0x00000000e7c00000|  0%| F|  |TAMS 0x00000000e7b00000, 0x00000000e7b00000| Untracked 
| 112|0x00000000e7c00000, 0x00000000e7c00000, 0x00000000e7d00000|  0%| F|  |TAMS 0x00000000e7c00000, 0x00000000e7c00000| Untracked 
| 113|0x00000000e7d00000, 0x00000000e7d00000, 0x00000000e7e00000|  0%| F|  |TAMS 0x00000000e7d00000, 0x00000000e7d00000| Untracked 
| 114|0x00000000e7e00000, 0x00000000e7e00000, 0x00000000e7f00000|  0%| F|  |TAMS 0x00000000e7e00000, 0x00000000e7e00000| Untracked 
| 115|0x00000000e7f00000, 0x00000000e7f00000, 0x00000000e8000000|  0%| F|  |TAMS 0x00000000e7f00000, 0x00000000e7f00000| Untracked 
| 116|0x00000000e8000000, 0x00000000e8000000, 0x00000000e8100000|  0%| F|  |TAMS 0x00000000e8000000, 0x00000000e8000000| Untracked 
| 117|0x00000000e8100000, 0x00000000e8100000, 0x00000000e8200000|  0%| F|  |TAMS 0x00000000e8100000, 0x00000000e8100000| Untracked 
| 118|0x00000000e8200000, 0x00000000e8200000, 0x00000000e8300000|  0%| F|  |TAMS 0x00000000e8200000, 0x00000000e8200000| Untracked 
| 119|0x00000000e8300000, 0x00000000e8300000, 0x00000000e8400000|  0%| F|  |TAMS 0x00000000e8300000, 0x00000000e8300000| Untracked 
| 120|0x00000000e8400000, 0x00000000e8400000, 0x00000000e8500000|  0%| F|  |TAMS 0x00000000e8400000, 0x00000000e8400000| Untracked 
| 121|0x00000000e8500000, 0x00000000e8500000, 0x00000000e8600000|  0%| F|  |TAMS 0x00000000e8500000, 0x00000000e8500000| Untracked 
| 122|0x00000000e8600000, 0x00000000e8600000, 0x00000000e8700000|  0%| F|  |TAMS 0x00000000e8600000, 0x00000000e8600000| Untracked 
| 123|0x00000000e8700000, 0x00000000e8700000, 0x00000000e8800000|  0%| F|  |TAMS 0x00000000e8700000, 0x00000000e8700000| Untracked 
| 124|0x00000000e8800000, 0x00000000e8800000, 0x00000000e8900000|  0%| F|  |TAMS 0x00000000e8800000, 0x00000000e8800000| Untracked 
| 125|0x00000000e8900000, 0x00000000e8900000, 0x00000000e8a00000|  0%| F|  |TAMS 0x00000000e8900000, 0x00000000e8900000| Untracked 
| 126|0x00000000e8a00000, 0x00000000e8a00000, 0x00000000e8b00000|  0%| F|  |TAMS 0x00000000e8a00000, 0x00000000e8a00000| Untracked 
| 127|0x00000000e8b00000, 0x00000000e8b00000, 0x00000000e8c00000|  0%| F|  |TAMS 0x00000000e8b00000, 0x00000000e8b00000| Untracked 
| 128|0x00000000e8c00000, 0x00000000e8c00000, 0x00000000e8d00000|  0%| F|  |TAMS 0x00000000e8c00000, 0x00000000e8c00000| Untracked 
| 129|0x00000000e8d00000, 0x00000000e8d00000, 0x00000000e8e00000|  0%| F|  |TAMS 0x00000000e8d00000, 0x00000000e8d00000| Untracked 
| 130|0x00000000e8e00000, 0x00000000e8e00000, 0x00000000e8f00000|  0%| F|  |TAMS 0x00000000e8e00000, 0x00000000e8e00000| Untracked 
| 131|0x00000000e8f00000, 0x00000000e8f00000, 0x00000000e9000000|  0%| F|  |TAMS 0x00000000e8f00000, 0x00000000e8f00000| Untracked 
| 132|0x00000000e9000000, 0x00000000e9000000, 0x00000000e9100000|  0%| F|  |TAMS 0x00000000e9000000, 0x00000000e9000000| Untracked 
| 133|0x00000000e9100000, 0x00000000e9100000, 0x00000000e9200000|  0%| F|  |TAMS 0x00000000e9100000, 0x00000000e9100000| Untracked 
| 134|0x00000000e9200000, 0x00000000e9200000, 0x00000000e9300000|  0%| F|  |TAMS 0x00000000e9200000, 0x00000000e9200000| Untracked 
| 135|0x00000000e9300000, 0x00000000e9300000, 0x00000000e9400000|  0%| F|  |TAMS 0x00000000e9300000, 0x00000000e9300000| Untracked 
| 136|0x00000000e9400000, 0x00000000e9400000, 0x00000000e9500000|  0%| F|  |TAMS 0x00000000e9400000, 0x00000000e9400000| Untracked 
| 137|0x00000000e9500000, 0x00000000e9500000, 0x00000000e9600000|  0%| F|  |TAMS 0x00000000e9500000, 0x00000000e9500000| Untracked 
| 138|0x00000000e9600000, 0x00000000e9600000, 0x00000000e9700000|  0%| F|  |TAMS 0x00000000e9600000, 0x00000000e9600000| Untracked 
| 139|0x00000000e9700000, 0x00000000e9700000, 0x00000000e9800000|  0%| F|  |TAMS 0x00000000e9700000, 0x00000000e9700000| Untracked 
| 140|0x00000000e9800000, 0x00000000e9800000, 0x00000000e9900000|  0%| F|  |TAMS 0x00000000e9800000, 0x00000000e9800000| Untracked 
| 141|0x00000000e9900000, 0x00000000e9900000, 0x00000000e9a00000|  0%| F|  |TAMS 0x00000000e9900000, 0x00000000e9900000| Untracked 
| 142|0x00000000e9a00000, 0x00000000e9a00000, 0x00000000e9b00000|  0%| F|  |TAMS 0x00000000e9a00000, 0x00000000e9a00000| Untracked 
| 143|0x00000000e9b00000, 0x00000000e9b00000, 0x00000000e9c00000|  0%| F|  |TAMS 0x00000000e9b00000, 0x00000000e9b00000| Untracked 
| 144|0x00000000e9c00000, 0x00000000e9c00000, 0x00000000e9d00000|  0%| F|  |TAMS 0x00000000e9c00000, 0x00000000e9c00000| Untracked 
| 145|0x00000000e9d00000, 0x00000000e9d00000, 0x00000000e9e00000|  0%| F|  |TAMS 0x00000000e9d00000, 0x00000000e9d00000| Untracked 
| 146|0x00000000e9e00000, 0x00000000e9e00000, 0x00000000e9f00000|  0%| F|  |TAMS 0x00000000e9e00000, 0x00000000e9e00000| Untracked 
| 147|0x00000000e9f00000, 0x00000000e9f00000, 0x00000000ea000000|  0%| F|  |TAMS 0x00000000e9f00000, 0x00000000e9f00000| Untracked 
| 148|0x00000000ea000000, 0x00000000ea000000, 0x00000000ea100000|  0%| F|  |TAMS 0x00000000ea000000, 0x00000000ea000000| Untracked 
| 149|0x00000000ea100000, 0x00000000ea100000, 0x00000000ea200000|  0%| F|  |TAMS 0x00000000ea100000, 0x00000000ea100000| Untracked 
| 150|0x00000000ea200000, 0x00000000ea200000, 0x00000000ea300000|  0%| F|  |TAMS 0x00000000ea200000, 0x00000000ea200000| Untracked 
| 151|0x00000000ea300000, 0x00000000ea300000, 0x00000000ea400000|  0%| F|  |TAMS 0x00000000ea300000, 0x00000000ea300000| Untracked 
| 152|0x00000000ea400000, 0x00000000ea400000, 0x00000000ea500000|  0%| F|  |TAMS 0x00000000ea400000, 0x00000000ea400000| Untracked 
| 153|0x00000000ea500000, 0x00000000ea500000, 0x00000000ea600000|  0%| F|  |TAMS 0x00000000ea500000, 0x00000000ea500000| Untracked 
| 154|0x00000000ea600000, 0x00000000ea600000, 0x00000000ea700000|  0%| F|  |TAMS 0x00000000ea600000, 0x00000000ea600000| Untracked 
| 155|0x00000000ea700000, 0x00000000ea700000, 0x00000000ea800000|  0%| F|  |TAMS 0x00000000ea700000, 0x00000000ea700000| Untracked 
| 156|0x00000000ea800000, 0x00000000ea800000, 0x00000000ea900000|  0%| F|  |TAMS 0x00000000ea800000, 0x00000000ea800000| Untracked 
| 157|0x00000000ea900000, 0x00000000ea900000, 0x00000000eaa00000|  0%| F|  |TAMS 0x00000000ea900000, 0x00000000ea900000| Untracked 
| 158|0x00000000eaa00000, 0x00000000eaa00000, 0x00000000eab00000|  0%| F|  |TAMS 0x00000000eaa00000, 0x00000000eaa00000| Untracked 
| 159|0x00000000eab00000, 0x00000000eab00000, 0x00000000eac00000|  0%| F|  |TAMS 0x00000000eab00000, 0x00000000eab00000| Untracked 
| 160|0x00000000eac00000, 0x00000000eac00000, 0x00000000ead00000|  0%| F|  |TAMS 0x00000000eac00000, 0x00000000eac00000| Untracked 
| 161|0x00000000ead00000, 0x00000000ead00000, 0x00000000eae00000|  0%| F|  |TAMS 0x00000000ead00000, 0x00000000ead00000| Untracked 
| 162|0x00000000eae00000, 0x00000000eae00000, 0x00000000eaf00000|  0%| F|  |TAMS 0x00000000eae00000, 0x00000000eae00000| Untracked 
| 163|0x00000000eaf00000, 0x00000000eaf00000, 0x00000000eb000000|  0%| F|  |TAMS 0x00000000eaf00000, 0x00000000eaf00000| Untracked 
| 164|0x00000000eb000000, 0x00000000eb000000, 0x00000000eb100000|  0%| F|  |TAMS 0x00000000eb000000, 0x00000000eb000000| Untracked 
| 165|0x00000000eb100000, 0x00000000eb100000, 0x00000000eb200000|  0%| F|  |TAMS 0x00000000eb100000, 0x00000000eb100000| Untracked 
| 166|0x00000000eb200000, 0x00000000eb200000, 0x00000000eb300000|  0%| F|  |TAMS 0x00000000eb200000, 0x00000000eb200000| Untracked 
| 167|0x00000000eb300000, 0x00000000eb300000, 0x00000000eb400000|  0%| F|  |TAMS 0x00000000eb300000, 0x00000000eb300000| Untracked 
| 168|0x00000000eb400000, 0x00000000eb400000, 0x00000000eb500000|  0%| F|  |TAMS 0x00000000eb400000, 0x00000000eb400000| Untracked 
| 169|0x00000000eb500000, 0x00000000eb500000, 0x00000000eb600000|  0%| F|  |TAMS 0x00000000eb500000, 0x00000000eb500000| Untracked 
| 170|0x00000000eb600000, 0x00000000eb600000, 0x00000000eb700000|  0%| F|  |TAMS 0x00000000eb600000, 0x00000000eb600000| Untracked 
| 171|0x00000000eb700000, 0x00000000eb700000, 0x00000000eb800000|  0%| F|  |TAMS 0x00000000eb700000, 0x00000000eb700000| Untracked 
| 172|0x00000000eb800000, 0x00000000eb800000, 0x00000000eb900000|  0%| F|  |TAMS 0x00000000eb800000, 0x00000000eb800000| Untracked 
| 173|0x00000000eb900000, 0x00000000eb900000, 0x00000000eba00000|  0%| F|  |TAMS 0x00000000eb900000, 0x00000000eb900000| Untracked 
| 174|0x00000000eba00000, 0x00000000eba00000, 0x00000000ebb00000|  0%| F|  |TAMS 0x00000000eba00000, 0x00000000eba00000| Untracked 
| 175|0x00000000ebb00000, 0x00000000ebb00000, 0x00000000ebc00000|  0%| F|  |TAMS 0x00000000ebb00000, 0x00000000ebb00000| Untracked 
| 176|0x00000000ebc00000, 0x00000000ebc00000, 0x00000000ebd00000|  0%| F|  |TAMS 0x00000000ebc00000, 0x00000000ebc00000| Untracked 
| 177|0x00000000ebd00000, 0x00000000ebd00000, 0x00000000ebe00000|  0%| F|  |TAMS 0x00000000ebd00000, 0x00000000ebd00000| Untracked 
| 178|0x00000000ebe00000, 0x00000000ebe00000, 0x00000000ebf00000|  0%| F|  |TAMS 0x00000000ebe00000, 0x00000000ebe00000| Untracked 
| 179|0x00000000ebf00000, 0x00000000ebf00000, 0x00000000ec000000|  0%| F|  |TAMS 0x00000000ebf00000, 0x00000000ebf00000| Untracked 
| 180|0x00000000ec000000, 0x00000000ec000000, 0x00000000ec100000|  0%| F|  |TAMS 0x00000000ec000000, 0x00000000ec000000| Untracked 
| 181|0x00000000ec100000, 0x00000000ec100000, 0x00000000ec200000|  0%| F|  |TAMS 0x00000000ec100000, 0x00000000ec100000| Untracked 
| 182|0x00000000ec200000, 0x00000000ec200000, 0x00000000ec300000|  0%| F|  |TAMS 0x00000000ec200000, 0x00000000ec200000| Untracked 
| 183|0x00000000ec300000, 0x00000000ec300000, 0x00000000ec400000|  0%| F|  |TAMS 0x00000000ec300000, 0x00000000ec300000| Untracked 
| 184|0x00000000ec400000, 0x00000000ec400000, 0x00000000ec500000|  0%| F|  |TAMS 0x00000000ec400000, 0x00000000ec400000| Untracked 
| 185|0x00000000ec500000, 0x00000000ec500000, 0x00000000ec600000|  0%| F|  |TAMS 0x00000000ec500000, 0x00000000ec500000| Untracked 
| 186|0x00000000ec600000, 0x00000000ec600000, 0x00000000ec700000|  0%| F|  |TAMS 0x00000000ec600000, 0x00000000ec600000| Untracked 
| 187|0x00000000ec700000, 0x00000000ec700000, 0x00000000ec800000|  0%| F|  |TAMS 0x00000000ec700000, 0x00000000ec700000| Untracked 
| 188|0x00000000ec800000, 0x00000000ec800000, 0x00000000ec900000|  0%| F|  |TAMS 0x00000000ec800000, 0x00000000ec800000| Untracked 
| 189|0x00000000ec900000, 0x00000000ec900000, 0x00000000eca00000|  0%| F|  |TAMS 0x00000000ec900000, 0x00000000ec900000| Untracked 
| 190|0x00000000eca00000, 0x00000000eca00000, 0x00000000ecb00000|  0%| F|  |TAMS 0x00000000eca00000, 0x00000000eca00000| Untracked 
| 191|0x00000000ecb00000, 0x00000000ecb00000, 0x00000000ecc00000|  0%| F|  |TAMS 0x00000000ecb00000, 0x00000000ecb00000| Untracked 
| 192|0x00000000ecc00000, 0x00000000ecc00000, 0x00000000ecd00000|  0%| F|  |TAMS 0x00000000ecc00000, 0x00000000ecc00000| Untracked 
| 193|0x00000000ecd00000, 0x00000000ecd00000, 0x00000000ece00000|  0%| F|  |TAMS 0x00000000ecd00000, 0x00000000ecd00000| Untracked 
| 194|0x00000000ece00000, 0x00000000ece00000, 0x00000000ecf00000|  0%| F|  |TAMS 0x00000000ece00000, 0x00000000ece00000| Untracked 
| 195|0x00000000ecf00000, 0x00000000ecf00000, 0x00000000ed000000|  0%| F|  |TAMS 0x00000000ecf00000, 0x00000000ecf00000| Untracked 
| 196|0x00000000ed000000, 0x00000000ed000000, 0x00000000ed100000|  0%| F|  |TAMS 0x00000000ed000000, 0x00000000ed000000| Untracked 
| 197|0x00000000ed100000, 0x00000000ed100000, 0x00000000ed200000|  0%| F|  |TAMS 0x00000000ed100000, 0x00000000ed100000| Untracked 
| 198|0x00000000ed200000, 0x00000000ed200000, 0x00000000ed300000|  0%| F|  |TAMS 0x00000000ed200000, 0x00000000ed200000| Untracked 
| 199|0x00000000ed300000, 0x00000000ed300000, 0x00000000ed400000|  0%| F|  |TAMS 0x00000000ed300000, 0x00000000ed300000| Untracked 
| 200|0x00000000ed400000, 0x00000000ed400000, 0x00000000ed500000|  0%| F|  |TAMS 0x00000000ed400000, 0x00000000ed400000| Untracked 
| 201|0x00000000ed500000, 0x00000000ed500000, 0x00000000ed600000|  0%| F|  |TAMS 0x00000000ed500000, 0x00000000ed500000| Untracked 
| 202|0x00000000ed600000, 0x00000000ed600000, 0x00000000ed700000|  0%| F|  |TAMS 0x00000000ed600000, 0x00000000ed600000| Untracked 
| 203|0x00000000ed700000, 0x00000000ed700000, 0x00000000ed800000|  0%| F|  |TAMS 0x00000000ed700000, 0x00000000ed700000| Untracked 
| 204|0x00000000ed800000, 0x00000000ed800000, 0x00000000ed900000|  0%| F|  |TAMS 0x00000000ed800000, 0x00000000ed800000| Untracked 
| 205|0x00000000ed900000, 0x00000000ed900000, 0x00000000eda00000|  0%| F|  |TAMS 0x00000000ed900000, 0x00000000ed900000| Untracked 
| 206|0x00000000eda00000, 0x00000000eda00000, 0x00000000edb00000|  0%| F|  |TAMS 0x00000000eda00000, 0x00000000eda00000| Untracked 
| 207|0x00000000edb00000, 0x00000000edb00000, 0x00000000edc00000|  0%| F|  |TAMS 0x00000000edb00000, 0x00000000edb00000| Untracked 
| 208|0x00000000edc00000, 0x00000000edc00000, 0x00000000edd00000|  0%| F|  |TAMS 0x00000000edc00000, 0x00000000edc00000| Untracked 
| 209|0x00000000edd00000, 0x00000000edd00000, 0x00000000ede00000|  0%| F|  |TAMS 0x00000000edd00000, 0x00000000edd00000| Untracked 
| 210|0x00000000ede00000, 0x00000000ede00000, 0x00000000edf00000|  0%| F|  |TAMS 0x00000000ede00000, 0x00000000ede00000| Untracked 
| 211|0x00000000edf00000, 0x00000000edf00000, 0x00000000ee000000|  0%| F|  |TAMS 0x00000000edf00000, 0x00000000edf00000| Untracked 
| 212|0x00000000ee000000, 0x00000000ee000000, 0x00000000ee100000|  0%| F|  |TAMS 0x00000000ee000000, 0x00000000ee000000| Untracked 
| 213|0x00000000ee100000, 0x00000000ee100000, 0x00000000ee200000|  0%| F|  |TAMS 0x00000000ee100000, 0x00000000ee100000| Untracked 
| 214|0x00000000ee200000, 0x00000000ee200000, 0x00000000ee300000|  0%| F|  |TAMS 0x00000000ee200000, 0x00000000ee200000| Untracked 
| 215|0x00000000ee300000, 0x00000000ee300000, 0x00000000ee400000|  0%| F|  |TAMS 0x00000000ee300000, 0x00000000ee300000| Untracked 
| 216|0x00000000ee400000, 0x00000000ee400000, 0x00000000ee500000|  0%| F|  |TAMS 0x00000000ee400000, 0x00000000ee400000| Untracked 
| 217|0x00000000ee500000, 0x00000000ee500000, 0x00000000ee600000|  0%| F|  |TAMS 0x00000000ee500000, 0x00000000ee500000| Untracked 
| 218|0x00000000ee600000, 0x00000000ee600000, 0x00000000ee700000|  0%| F|  |TAMS 0x00000000ee600000, 0x00000000ee600000| Untracked 
| 219|0x00000000ee700000, 0x00000000ee700000, 0x00000000ee800000|  0%| F|  |TAMS 0x00000000ee700000, 0x00000000ee700000| Untracked 
| 220|0x00000000ee800000, 0x00000000ee800000, 0x00000000ee900000|  0%| F|  |TAMS 0x00000000ee800000, 0x00000000ee800000| Untracked 
| 221|0x00000000ee900000, 0x00000000ee900000, 0x00000000eea00000|  0%| F|  |TAMS 0x00000000ee900000, 0x00000000ee900000| Untracked 
| 222|0x00000000eea00000, 0x00000000eea00000, 0x00000000eeb00000|  0%| F|  |TAMS 0x00000000eea00000, 0x00000000eea00000| Untracked 
| 223|0x00000000eeb00000, 0x00000000eeb00000, 0x00000000eec00000|  0%| F|  |TAMS 0x00000000eeb00000, 0x00000000eeb00000| Untracked 
| 224|0x00000000eec00000, 0x00000000eec00000, 0x00000000eed00000|  0%| F|  |TAMS 0x00000000eec00000, 0x00000000eec00000| Untracked 
| 225|0x00000000eed00000, 0x00000000eed00000, 0x00000000eee00000|  0%| F|  |TAMS 0x00000000eed00000, 0x00000000eed00000| Untracked 
| 226|0x00000000eee00000, 0x00000000eee00000, 0x00000000eef00000|  0%| F|  |TAMS 0x00000000eee00000, 0x00000000eee00000| Untracked 
| 227|0x00000000eef00000, 0x00000000eef00000, 0x00000000ef000000|  0%| F|  |TAMS 0x00000000eef00000, 0x00000000eef00000| Untracked 
| 228|0x00000000ef000000, 0x00000000ef000000, 0x00000000ef100000|  0%| F|  |TAMS 0x00000000ef000000, 0x00000000ef000000| Untracked 
| 229|0x00000000ef100000, 0x00000000ef100000, 0x00000000ef200000|  0%| F|  |TAMS 0x00000000ef100000, 0x00000000ef100000| Untracked 
| 230|0x00000000ef200000, 0x00000000ef200000, 0x00000000ef300000|  0%| F|  |TAMS 0x00000000ef200000, 0x00000000ef200000| Untracked 
| 231|0x00000000ef300000, 0x00000000ef300000, 0x00000000ef400000|  0%| F|  |TAMS 0x00000000ef300000, 0x00000000ef300000| Untracked 
| 232|0x00000000ef400000, 0x00000000ef400000, 0x00000000ef500000|  0%| F|  |TAMS 0x00000000ef400000, 0x00000000ef400000| Untracked 
| 233|0x00000000ef500000, 0x00000000ef500000, 0x00000000ef600000|  0%| F|  |TAMS 0x00000000ef500000, 0x00000000ef500000| Untracked 
| 234|0x00000000ef600000, 0x00000000ef600000, 0x00000000ef700000|  0%| F|  |TAMS 0x00000000ef600000, 0x00000000ef600000| Untracked 
| 235|0x00000000ef700000, 0x00000000ef700000, 0x00000000ef800000|  0%| F|  |TAMS 0x00000000ef700000, 0x00000000ef700000| Untracked 
| 236|0x00000000ef800000, 0x00000000ef800000, 0x00000000ef900000|  0%| F|  |TAMS 0x00000000ef800000, 0x00000000ef800000| Untracked 
| 237|0x00000000ef900000, 0x00000000ef900000, 0x00000000efa00000|  0%| F|  |TAMS 0x00000000ef900000, 0x00000000ef900000| Untracked 
| 238|0x00000000efa00000, 0x00000000efa00000, 0x00000000efb00000|  0%| F|  |TAMS 0x00000000efa00000, 0x00000000efa00000| Untracked 
| 239|0x00000000efb00000, 0x00000000efb00000, 0x00000000efc00000|  0%| F|  |TAMS 0x00000000efb00000, 0x00000000efb00000| Untracked 
| 240|0x00000000efc00000, 0x00000000efc00000, 0x00000000efd00000|  0%| F|  |TAMS 0x00000000efc00000, 0x00000000efc00000| Untracked 
| 241|0x00000000efd00000, 0x00000000efdc67e0, 0x00000000efe00000| 77%| S|CS|TAMS 0x00000000efd00000, 0x00000000efd00000| Complete 
| 242|0x00000000efe00000, 0x00000000efe00000, 0x00000000eff00000|  0%| F|  |TAMS 0x00000000efe00000, 0x00000000efe00000| Untracked 
| 243|0x00000000eff00000, 0x00000000eff00000, 0x00000000f0000000|  0%| F|  |TAMS 0x00000000eff00000, 0x00000000eff00000| Untracked 
| 244|0x00000000f0000000, 0x00000000f0000000, 0x00000000f0100000|  0%| F|  |TAMS 0x00000000f0000000, 0x00000000f0000000| Untracked 
| 245|0x00000000f0100000, 0x00000000f0100000, 0x00000000f0200000|  0%| F|  |TAMS 0x00000000f0100000, 0x00000000f0100000| Untracked 
| 246|0x00000000f0200000, 0x00000000f0300000, 0x00000000f0300000|100%| E|  |TAMS 0x00000000f0200000, 0x00000000f0200000| Complete 
| 247|0x00000000f0300000, 0x00000000f0400000, 0x00000000f0400000|100%| E|CS|TAMS 0x00000000f0300000, 0x00000000f0300000| Complete 
| 248|0x00000000f0400000, 0x00000000f0500000, 0x00000000f0500000|100%| E|CS|TAMS 0x00000000f0400000, 0x00000000f0400000| Complete 
| 249|0x00000000f0500000, 0x00000000f0600000, 0x00000000f0600000|100%| E|CS|TAMS 0x00000000f0500000, 0x00000000f0500000| Complete 
| 250|0x00000000f0600000, 0x00000000f0700000, 0x00000000f0700000|100%| E|CS|TAMS 0x00000000f0600000, 0x00000000f0600000| Complete 
| 251|0x00000000f0700000, 0x00000000f0800000, 0x00000000f0800000|100%| E|CS|TAMS 0x00000000f0700000, 0x00000000f0700000| Complete 
| 252|0x00000000f0800000, 0x00000000f0900000, 0x00000000f0900000|100%| E|CS|TAMS 0x00000000f0800000, 0x00000000f0800000| Complete 
| 253|0x00000000f0900000, 0x00000000f0a00000, 0x00000000f0a00000|100%| E|CS|TAMS 0x00000000f0900000, 0x00000000f0900000| Complete 
| 254|0x00000000f0a00000, 0x00000000f0b00000, 0x00000000f0b00000|100%| E|CS|TAMS 0x00000000f0a00000, 0x00000000f0a00000| Complete 
| 255|0x00000000f0b00000, 0x00000000f0c00000, 0x00000000f0c00000|100%| E|CS|TAMS 0x00000000f0b00000, 0x00000000f0b00000| Complete 

Card table byte_map: [0x0000017db9af0000,0x0000017db9bf0000] _byte_map_base: 0x0000017db93ea000

Marking Bits (Prev, Next): (CMBitMap*) 0x0000017da6533bf0, (CMBitMap*) 0x0000017da6533bb8
 Prev Bits: [0x0000017dba4c0000, 0x0000017dbac90000)
 Next Bits: [0x0000017db9cf0000, 0x0000017dba4c0000)

Polling page: 0x0000017da5ce0000

Metaspace:

Usage:
  Non-class:     19.86 MB capacity,    19.47 MB ( 98%) used,   331.43 KB (  2%) free+waste,    68.63 KB ( <1%) overhead. 
      Class:      2.47 MB capacity,     2.23 MB ( 90%) used,   216.55 KB (  9%) free+waste,    32.56 KB (  1%) overhead. 
       Both:     22.33 MB capacity,    21.69 MB ( 97%) used,   547.98 KB (  2%) free+waste,   101.19 KB ( <1%) overhead. 

Virtual space:
  Non-class space:       20.00 MB reserved,      19.92 MB (>99%) committed 
      Class space:        1.00 GB reserved,       2.50 MB ( <1%) committed 
             Both:        1.02 GB reserved,      22.42 MB (  2%) committed 

Chunk freelists:
   Non-Class:  18.00 KB
       Class:  0 bytes
        Both:  18.00 KB

MaxMetaspaceSize: 17179869184.00 GB
CompressedClassSpaceSize: 1.00 GB
Initial GC threshold: 20.80 MB
Current GC threshold: 35.08 MB
CDS: off

CodeHeap 'non-profiled nmethods': size=119168Kb used=1035Kb max_used=1035Kb free=118132Kb
 bounds [0x0000017db1d00000, 0x0000017db1f70000, 0x0000017db9160000]
CodeHeap 'profiled nmethods': size=119168Kb used=5940Kb max_used=5940Kb free=113227Kb
 bounds [0x0000017daa8a0000, 0x0000017daae70000, 0x0000017db1d00000]
CodeHeap 'non-nmethods': size=7424Kb used=1237Kb max_used=2953Kb free=6186Kb
 bounds [0x0000017daa160000, 0x0000017daa4c0000, 0x0000017daa8a0000]
 total_blobs=3265 nmethods=2744 adapters=433
 compilation: enabled
              stopped_count=0, restarted_count=0
 full_count=0

Compilation events (20 events):
Event: 415.187 Thread 0x0000017dbe50c800 nmethod 2734 0x0000017daae68a10 code [0x0000017daae68c00, 0x0000017daae69248]
Event: 469.243 Thread 0x0000017dbe50c800 2735       3       sun.rmi.server.UnicastServerRef$$Lambda$53/0x0000000100131040::run (12 bytes)
Event: 469.244 Thread 0x0000017dbe50c800 nmethod 2735 0x0000017daae69410 code [0x0000017daae695e0, 0x0000017daae69788]
Event: 469.244 Thread 0x0000017dbe50c800 2736       3       sun.rmi.server.UnicastServerRef::lambda$unmarshalCustomCallData$3 (10 bytes)
Event: 469.244 Thread 0x0000017dbe50c800 nmethod 2736 0x0000017daae69890 code [0x0000017daae69a40, 0x0000017daae69b88]
Event: 469.244 Thread 0x0000017dbe50c800 2737       3       java.io.ObjectInputStream::setObjectInputFilter (73 bytes)
Event: 469.244 Thread 0x0000017dbe50c800 nmethod 2737 0x0000017daae69c90 code [0x0000017daae69ec0, 0x0000017daae6a628]
Event: 480.957 Thread 0x0000017dbe50c800 2738   !   3       java.lang.ref.ReferenceQueue::remove (125 bytes)
Event: 480.958 Thread 0x0000017dbe50c800 nmethod 2738 0x0000017daae6a890 code [0x0000017daae6aac0, 0x0000017daae6b2f8]
Event: 598.058 Thread 0x0000017dbe50c800 2739       3       java.util.concurrent.locks.AbstractQueuedSynchronizer$ConditionObject::signal (33 bytes)
Event: 598.058 Thread 0x0000017dbe50c800 nmethod 2739 0x0000017daae6b610 code [0x0000017daae6b800, 0x0000017daae6bb28]
Event: 606.163 Thread 0x0000017dbe50c800 2740       3       java.lang.ClassLoader::getResource (41 bytes)
Event: 606.164 Thread 0x0000017dbe50c800 nmethod 2740 0x0000017daae6bc90 code [0x0000017daae6bea0, 0x0000017daae6c478]
Event: 688.154 Thread 0x0000017dbe508800 2741       4       java.lang.Class::cast (27 bytes)
Event: 688.155 Thread 0x0000017dbe508800 nmethod 2741 0x0000017db1e02490 code [0x0000017db1e02620, 0x0000017db1e02718]
Event: 697.168 Thread 0x0000017dbe50c800 2742       3       java.util.concurrent.ScheduledThreadPoolExecutor$ScheduledFutureTask::getDelay (16 bytes)
Event: 697.168 Thread 0x0000017dbe50c800 nmethod 2742 0x0000017daae6c610 code [0x0000017daae6c7e0, 0x0000017daae6c968]
Event: 697.168 Thread 0x0000017dbe50c800 2743       3       java.util.concurrent.TimeUnit::convert (77 bytes)
Event: 697.169 Thread 0x0000017dbe50c800 nmethod 2743 0x0000017daae6ca10 code [0x0000017daae6cc20, 0x0000017daae6cf68]
Event: 755.661 Thread 0x0000017dbe508800 2745       4       java.io.ObjectInputStream$BlockDataInputStream::readLong (76 bytes)

GC Heap History (6 events):
Event: 7.224 GC heap before
{Heap before GC invocations=0 (full 0):
 garbage-first heap   total 262144K, used 23552K [0x00000000e0c00000, 0x0000000100000000)
  region size 1024K, 24 young (24576K), 0 survivors (0K)
 Metaspace       used 14747K, capacity 15303K, committed 15360K, reserved 1062912K
  class space    used 1520K, capacity 1740K, committed 1792K, reserved 1048576K
}
Event: 7.227 GC heap after
{Heap after GC invocations=1 (full 0):
 garbage-first heap   total 262144K, used 4931K [0x00000000e0c00000, 0x0000000100000000)
  region size 1024K, 3 young (3072K), 3 survivors (3072K)
 Metaspace       used 14747K, capacity 15303K, committed 15360K, reserved 1062912K
  class space    used 1520K, capacity 1740K, committed 1792K, reserved 1048576K
}
Event: 7.539 GC heap before
{Heap before GC invocations=1 (full 0):
 garbage-first heap   total 262144K, used 13123K [0x00000000e0c00000, 0x0000000100000000)
  region size 1024K, 12 young (12288K), 3 survivors (3072K)
 Metaspace       used 20609K, capacity 21180K, committed 21296K, reserved 1069056K
  class space    used 2166K, capacity 2415K, committed 2432K, reserved 1048576K
}
Event: 7.543 GC heap after
{Heap after GC invocations=2 (full 0):
 garbage-first heap   total 262144K, used 6391K [0x00000000e0c00000, 0x0000000100000000)
  region size 1024K, 5 young (5120K), 5 survivors (5120K)
 Metaspace       used 20609K, capacity 21180K, committed 21296K, reserved 1069056K
  class space    used 2166K, capacity 2415K, committed 2432K, reserved 1048576K
}
Event: 7.981 GC heap before
{Heap before GC invocations=3 (full 0):
 garbage-first heap   total 262144K, used 15607K [0x00000000e0c00000, 0x0000000100000000)
  region size 1024K, 14 young (14336K), 5 survivors (5120K)
 Metaspace       used 21899K, capacity 22612K, committed 22960K, reserved 1069056K
  class space    used 2259K, capacity 2504K, committed 2560K, reserved 1048576K
}
Event: 7.983 GC heap after
{Heap after GC invocations=4 (full 0):
 garbage-first heap   total 262144K, used 7199K [0x00000000e0c00000, 0x0000000100000000)
  region size 1024K, 1 young (1024K), 1 survivors (1024K)
 Metaspace       used 21899K, capacity 22612K, committed 22960K, reserved 1069056K
  class space    used 2259K, capacity 2504K, committed 2560K, reserved 1048576K
}

Deoptimization events (20 events):
Event: 8.058 Thread 0x0000017dbf7e1800 DEOPT PACKING pc=0x0000017daa9419fa sp=0x0000006851afab10
Event: 8.058 Thread 0x0000017dbf7e1800 DEOPT UNPACKING pc=0x0000017daa1aa95e sp=0x0000006851af9f48 mode 0
Event: 8.080 Thread 0x0000017dbf7e1800 DEOPT PACKING pc=0x0000017daabeb1f6 sp=0x0000006851afa160
Event: 8.080 Thread 0x0000017dbf7e1800 DEOPT UNPACKING pc=0x0000017daa1aa95e sp=0x0000006851af9680 mode 0
Event: 8.099 Thread 0x0000017dbf7e1800 Uncommon trap: trap_request=0xffffff4d fr.pc=0x0000017db1de2a34 relative=0x0000000000000974
Event: 8.099 Thread 0x0000017dbf7e1800 Uncommon trap: reason=unstable_if action=reinterpret pc=0x0000017db1de2a34 method=java.io.ObjectInputStream$BlockDataInputStream.readUTFSpan(Ljava/lang/StringBuilder;J)J @ 35 c2
Event: 8.099 Thread 0x0000017dbf7e1800 DEOPT PACKING pc=0x0000017db1de2a34 sp=0x0000006851afb5a0
Event: 8.099 Thread 0x0000017dbf7e1800 DEOPT UNPACKING pc=0x0000017daa1aa1af sp=0x0000006851afb530 mode 2
Event: 8.110 Thread 0x0000017dbf7e1800 Uncommon trap: trap_request=0xffffff7e fr.pc=0x0000017db1dd9184 relative=0x00000000000003c4
Event: 8.110 Thread 0x0000017dbf7e1800 Uncommon trap: reason=predicate action=maybe_recompile pc=0x0000017db1dd9184 method=java.io.ObjectOutputStream$BlockDataOutputStream.getUTFLength(Ljava/lang/String;)J @ 13 c2
Event: 8.110 Thread 0x0000017dbf7e1800 DEOPT PACKING pc=0x0000017db1dd9184 sp=0x0000006851afafe0
Event: 8.110 Thread 0x0000017dbf7e1800 DEOPT UNPACKING pc=0x0000017daa1aa1af sp=0x0000006851afaf70 mode 2
Event: 8.210 Thread 0x0000017dbf7e1800 DEOPT PACKING pc=0x0000017daad15b38 sp=0x0000006851afaa00
Event: 8.210 Thread 0x0000017dbf7e1800 DEOPT UNPACKING pc=0x0000017daa1aa95e sp=0x0000006851af9ee0 mode 0
Event: 8.228 Thread 0x0000017dbf7e1800 DEOPT PACKING pc=0x0000017daadc5dfb sp=0x0000006851afb140
Event: 8.228 Thread 0x0000017dbf7e1800 DEOPT UNPACKING pc=0x0000017daa1aa95e sp=0x0000006851afa598 mode 0
Event: 10.174 Thread 0x0000017dbe764800 Uncommon trap: trap_request=0xffffff4d fr.pc=0x0000017db1d75360 relative=0x0000000000000880
Event: 10.176 Thread 0x0000017dbe764800 Uncommon trap: reason=unstable_if action=reinterpret pc=0x0000017db1d75360 method=java.util.zip.ZipFile$Source.getEntryPos([BZ)I @ 145 c2
Event: 10.176 Thread 0x0000017dbe764800 DEOPT PACKING pc=0x0000017db1d75360 sp=0x00000068511fe620
Event: 10.176 Thread 0x0000017dbe764800 DEOPT UNPACKING pc=0x0000017daa1aa1af sp=0x00000068511fe5c8 mode 2

Classes redefined (0 events):
No events

Internal exceptions (20 events):
Event: 0.659 Thread 0x0000017da6506000 Exception <a 'java/lang/NoSuchMethodError'{0x00000000eff0e478}: 'java.lang.Object java.lang.invoke.Invokers$Holder.linkToTargetMethod(java.lang.Object, long, java.lang.Object)'> (0x00000000eff0e478) thrown at [./src/hotspot/share/interpreter/linkResolver.cpp, line 773]
Event: 0.694 Thread 0x0000017dbeeec000 Exception <a 'java/lang/NoSuchMethodError'{0x00000000efe48f40}: 'java.lang.Object java.lang.invoke.DelegatingMethodHandle$Holder.reinvoke_L(java.lang.Object, int, java.lang.Object)'> (0x00000000efe48f40) thrown at [./src/hotspot/share/interpreter/linkResolver.cpp, line 773]
Event: 0.758 Thread 0x0000017dbf7e1800 Exception <a 'java/lang/NoSuchMethodError'{0x00000000efd27578}: <clinit>> (0x00000000efd27578) thrown at [./src/hotspot/share/prims/jni.cpp, line 1366]
Event: 7.064 Thread 0x0000017dbf7e1800 Exception <a 'java/lang/NoSuchMethodError'{0x00000000efb38698}: 'int java.lang.invoke.DirectMethodHandle$Holder.invokeSpecialIFC(java.lang.Object, java.lang.Object, int)'> (0x00000000efb38698) thrown at [./src/hotspot/share/interpreter/linkResolver.cpp, line 773]
Event: 7.103 Thread 0x0000017dbf7e1800 Exception <a 'java/lang/NoSuchMethodError'{0x00000000efa428c8}: 'java.lang.Object java.lang.invoke.DirectMethodHandle$Holder.invokeVirtual(java.lang.Object, java.lang.Object, java.lang.Object)'> (0x00000000efa428c8) thrown at [./src/hotspot/share/interpreter/linkResolver.cpp, line 773]
Event: 7.184 Thread 0x0000017dbf7e1800 Exception <a 'java/lang/NoSuchMethodError'{0x00000000ef6a9988}: 'void java.lang.invoke.DirectMethodHandle$Holder.invokeStaticInit(java.lang.Object, java.lang.Object)'> (0x00000000ef6a9988) thrown at [./src/hotspot/share/interpreter/linkResolver.cpp, line 773]
Event: 7.256 Thread 0x0000017dbf7e1800 Exception <a 'sun/nio/fs/WindowsException'{0x00000000f0a18e10}> (0x00000000f0a18e10) thrown at [./src/hotspot/share/prims/jni.cpp, line 616]
Event: 7.269 Thread 0x0000017dbf7e1800 Exception <a 'java/lang/NoSuchMethodError'{0x00000000f0a39bf0}: 'int java.lang.invoke.DirectMethodHandle$Holder.invokeStaticInit(java.lang.Object, java.lang.Object, java.lang.Object, java.lang.Object)'> (0x00000000f0a39bf0) thrown at [./src/hotspot/share/interpreter/linkResolver.cpp, line 773]
Event: 7.270 Thread 0x0000017dbf7e1800 Exception <a 'java/lang/IncompatibleClassChangeError'{0x00000000f0a42e20}: Found class java.lang.Object, but interface was expected> (0x00000000f0a42e20) thrown at [./src/hotspot/share/interpreter/linkResolver.cpp, line 839]
Event: 7.272 Thread 0x0000017dbf7e1800 Exception <a 'java/lang/NoSuchMethodError'{0x00000000f0a48740}: 'int java.lang.invoke.DirectMethodHandle$Holder.invokeStaticInit(java.lang.Object, java.lang.Object)'> (0x00000000f0a48740) thrown at [./src/hotspot/share/interpreter/linkResolver.cpp, line 773]
Event: 7.477 Thread 0x0000017dbf7e1800 Implicit null exception at 0x0000017db1d2c017 to 0x0000017db1d2c964
Event: 7.642 Thread 0x0000017dbf7e1800 Implicit null exception at 0x0000017db1d3dc94 to 0x0000017db1d3e5dc
Event: 7.759 Thread 0x0000017dbf7e1800 Exception <a 'java/lang/NoSuchMethodError'{0x00000000f07e64f0}: <clinit>> (0x00000000f07e64f0) thrown at [./src/hotspot/share/prims/jni.cpp, line 1366]
Event: 7.760 Thread 0x0000017dbf7e1800 Exception <a 'java/lang/NoSuchMethodError'{0x00000000f07f2f08}: <clinit>> (0x00000000f07f2f08) thrown at [./src/hotspot/share/prims/jni.cpp, line 1366]
Event: 7.822 Thread 0x0000017dbf7e1800 Exception <a 'java/lang/NoSuchMethodError'{0x00000000f050cf38}: <clinit>> (0x00000000f050cf38) thrown at [./src/hotspot/share/prims/jni.cpp, line 1366]
Event: 7.823 Thread 0x0000017dbf7e1800 Exception <a 'java/lang/NoSuchMethodError'{0x00000000f0518068}: <clinit>> (0x00000000f0518068) thrown at [./src/hotspot/share/prims/jni.cpp, line 1366]
Event: 7.823 Thread 0x0000017dbf7e1800 Exception <a 'java/lang/NoSuchMethodError'{0x00000000f0522e70}: <clinit>> (0x00000000f0522e70) thrown at [./src/hotspot/share/prims/jni.cpp, line 1366]
Event: 7.849 Thread 0x0000017dbf7e1800 Exception <a 'java/lang/NoSuchMethodError'{0x00000000f058f7f0}: <clinit>> (0x00000000f058f7f0) thrown at [./src/hotspot/share/prims/jni.cpp, line 1366]
Event: 7.922 Thread 0x0000017dbf7e1800 Exception <a 'java/lang/NoSuchMethodError'{0x00000000f03101e0}: <clinit>> (0x00000000f03101e0) thrown at [./src/hotspot/share/prims/jni.cpp, line 1366]
Event: 8.249 Thread 0x0000017dbf7e1800 Exception <a 'java/net/SocketException'{0x00000000f059e708}: Software caused connection abort: socket write error> (0x00000000f059e708) thrown at [./src/hotspot/share/prims/jni.cpp, line 637]

Events (20 events):
Event: 8.249 loading class sun/security/ssl/Alert$Level
Event: 8.249 loading class sun/security/ssl/Alert$Level done
Event: 8.249 loading class javax/crypto/AEADBadTagException
Event: 8.249 loading class javax/crypto/AEADBadTagException done
Event: 9.072 Thread 0x0000017dbe7ba000 Thread exited: 0x0000017dbe7ba000
Event: 9.072 Thread 0x0000017dbf72f800 Thread exited: 0x0000017dbf72f800
Event: 9.073 Thread 0x0000017dbf72f800 Thread added: 0x0000017dbf72f800
Event: 9.073 Thread 0x0000017dbe7ba000 Thread added: 0x0000017dbe7ba000
Event: 9.073 Thread 0x0000017dbeb50000 Thread exited: 0x0000017dbeb50000
Event: 9.073 Executing VM operation: RevokeBias
Event: 9.074 Executing VM operation: RevokeBias done
Event: 9.074 Thread 0x0000017dbf72f800 Thread exited: 0x0000017dbf72f800
Event: 9.074 Executing VM operation: RevokeBias
Event: 9.074 Executing VM operation: RevokeBias done
Event: 9.074 Thread 0x0000017dbe7ba000 Thread exited: 0x0000017dbe7ba000
Event: 14.702 Thread 0x0000017dbe6b4000 Thread exited: 0x0000017dbe6b4000
Event: 14.702 Thread 0x0000017dbe6ab800 Thread exited: 0x0000017dbe6ab800
Event: 160.423 Loaded shared library D:\idea\IntelliJ IDEA 2021.3.3\jbr\bin\java.dll
Event: 300.772 Executing VM operation: RevokeBias
Event: 300.772 Executing VM operation: RevokeBias done


Dynamic libraries:
0x00007ff773a90000 - 0x00007ff773a9a000 	D:\idea\IntelliJ IDEA 2021.3.3\jbr\bin\java.exe
0x00007ffe96cb0000 - 0x00007ffe96ec4000 	C:\WINDOWS\SYSTEM32\ntdll.dll
0x00007ffe95260000 - 0x00007ffe95322000 	C:\WINDOWS\System32\KERNEL32.DLL
0x00007ffe94600000 - 0x00007ffe9499c000 	C:\WINDOWS\System32\KERNELBASE.dll
0x00007ffe94190000 - 0x00007ffe942a1000 	C:\WINDOWS\System32\ucrtbase.dll
0x00007ffe84a10000 - 0x00007ffe84a29000 	D:\idea\IntelliJ IDEA 2021.3.3\jbr\bin\jli.dll
0x00007ffe81ab0000 - 0x00007ffe81ac6000 	D:\idea\IntelliJ IDEA 2021.3.3\jbr\bin\VCRUNTIME140.dll
0x00007ffe95e30000 - 0x00007ffe95fdb000 	C:\WINDOWS\System32\USER32.dll
0x00007ffe94a20000 - 0x00007ffe94a46000 	C:\WINDOWS\System32\win32u.dll
0x00007ffe7d1a0000 - 0x00007ffe7d42e000 	C:\WINDOWS\WinSxS\amd64_microsoft.windows.common-controls_6595b64144ccf1df_6.0.22621.608_none_a9444ca7c10bb01d\COMCTL32.dll
0x00007ffe96830000 - 0x00007ffe968d7000 	C:\WINDOWS\System32\msvcrt.dll
0x00007ffe96380000 - 0x00007ffe963a9000 	C:\WINDOWS\System32\GDI32.dll
0x00007ffe94420000 - 0x00007ffe94533000 	C:\WINDOWS\System32\gdi32full.dll
0x00007ffe940f0000 - 0x00007ffe9418a000 	C:\WINDOWS\System32\msvcp_win.dll
0x00007ffe96060000 - 0x00007ffe96091000 	C:\WINDOWS\System32\IMM32.DLL
0x00007ffe66940000 - 0x00007ffe669ea000 	D:\idea\IntelliJ IDEA 2021.3.3\jbr\bin\msvcp140.dll
0x00007ffe4dd40000 - 0x00007ffe4e8ba000 	D:\idea\IntelliJ IDEA 2021.3.3\jbr\bin\server\jvm.dll
0x00007ffe960a0000 - 0x00007ffe9614e000 	C:\WINDOWS\System32\ADVAPI32.dll
0x00007ffe94d40000 - 0x00007ffe94de4000 	C:\WINDOWS\System32\sechost.dll
0x00007ffe954a0000 - 0x00007ffe955b7000 	C:\WINDOWS\System32\RPCRT4.dll
0x00007ffe96370000 - 0x00007ffe96378000 	C:\WINDOWS\System32\PSAPI.DLL
0x00007ffe8f0f0000 - 0x00007ffe8f0f9000 	C:\WINDOWS\SYSTEM32\WSOCK32.dll
0x00007ffe8a0e0000 - 0x00007ffe8a0ea000 	C:\WINDOWS\SYSTEM32\VERSION.dll
0x00007ffe8e800000 - 0x00007ffe8e834000 	C:\WINDOWS\SYSTEM32\WINMM.dll
0x00007ffe955c0000 - 0x00007ffe95631000 	C:\WINDOWS\System32\WS2_32.dll
0x00007ffe93100000 - 0x00007ffe93118000 	C:\WINDOWS\SYSTEM32\kernel.appcore.dll
0x00007ffe8b820000 - 0x00007ffe8b831000 	D:\idea\IntelliJ IDEA 2021.3.3\jbr\bin\verify.dll
0x00007ffe91a40000 - 0x00007ffe91c6e000 	C:\WINDOWS\SYSTEM32\DBGHELP.DLL
0x00007ffe968e0000 - 0x00007ffe96c69000 	C:\WINDOWS\System32\combase.dll
0x00007ffe94f80000 - 0x00007ffe95057000 	C:\WINDOWS\System32\OLEAUT32.dll
0x00007ffe8e7c0000 - 0x00007ffe8e7f2000 	C:\WINDOWS\SYSTEM32\dbgcore.DLL
0x00007ffe949a0000 - 0x00007ffe94a1b000 	C:\WINDOWS\System32\bcryptPrimitives.dll
0x00007ffe849d0000 - 0x00007ffe849f9000 	D:\idea\IntelliJ IDEA 2021.3.3\jbr\bin\java.dll
0x00007ffe8f600000 - 0x00007ffe8f60b000 	D:\idea\IntelliJ IDEA 2021.3.3\jbr\bin\jimage.dll
0x00007ffe81c50000 - 0x00007ffe81c69000 	D:\idea\IntelliJ IDEA 2021.3.3\jbr\bin\zip.dll
0x00007ffe95640000 - 0x00007ffe95e30000 	C:\WINDOWS\System32\SHELL32.dll
0x00007ffe91f40000 - 0x00007ffe9280d000 	C:\WINDOWS\SYSTEM32\windows.storage.dll
0x00007ffe92850000 - 0x00007ffe9298e000 	C:\WINDOWS\SYSTEM32\wintypes.dll
0x00007ffe94df0000 - 0x00007ffe94ee1000 	C:\WINDOWS\System32\SHCORE.dll
0x00007ffe96150000 - 0x00007ffe961ae000 	C:\WINDOWS\System32\shlwapi.dll
0x00007ffe94020000 - 0x00007ffe94041000 	C:\WINDOWS\SYSTEM32\profapi.dll
0x00007ffe81990000 - 0x00007ffe819aa000 	D:\idea\IntelliJ IDEA 2021.3.3\jbr\bin\net.dll
0x00007ffe8d680000 - 0x00007ffe8d7b7000 	C:\WINDOWS\SYSTEM32\WINHTTP.dll
0x00007ffe93570000 - 0x00007ffe935d9000 	C:\WINDOWS\system32\mswsock.dll
0x00007ffe81970000 - 0x00007ffe81984000 	D:\idea\IntelliJ IDEA 2021.3.3\jbr\bin\nio.dll
0x00007ffe93800000 - 0x00007ffe9381b000 	C:\WINDOWS\SYSTEM32\CRYPTSP.dll
0x00007ffe93070000 - 0x00007ffe930a5000 	C:\WINDOWS\system32\rsaenh.dll
0x00007ffe93690000 - 0x00007ffe936b8000 	C:\WINDOWS\SYSTEM32\USERENV.dll
0x00007ffe939d0000 - 0x00007ffe939f8000 	C:\WINDOWS\SYSTEM32\bcrypt.dll
0x00007ffe937f0000 - 0x00007ffe937fc000 	C:\WINDOWS\SYSTEM32\CRYPTBASE.dll
0x00007ffe92bd0000 - 0x00007ffe92bfd000 	C:\WINDOWS\SYSTEM32\IPHLPAPI.DLL
0x00007ffe95460000 - 0x00007ffe95469000 	C:\WINDOWS\System32\NSI.dll
0x00007ffe8a940000 - 0x00007ffe8a959000 	C:\WINDOWS\SYSTEM32\dhcpcsvc6.DLL
0x00007ffe8a920000 - 0x00007ffe8a93f000 	C:\WINDOWS\SYSTEM32\dhcpcsvc.DLL
0x00007ffe92c00000 - 0x00007ffe92cf3000 	C:\WINDOWS\SYSTEM32\DNSAPI.dll
0x00007ffe84a00000 - 0x00007ffe84a08000 	D:\idea\IntelliJ IDEA 2021.3.3\jbr\bin\rmi.dll
0x00007ffe8c5f0000 - 0x00007ffe8c5fa000 	C:\Windows\System32\rasadhlp.dll
0x00007ffe8a050000 - 0x00007ffe8a0d3000 	C:\WINDOWS\System32\fwpuclnt.dll
0x00007ffe8e0b0000 - 0x00007ffe8e0bf000 	D:\idea\IntelliJ IDEA 2021.3.3\jbr\bin\sunmscapi.dll
0x00007ffe942b0000 - 0x00007ffe94416000 	C:\WINDOWS\System32\CRYPT32.dll
0x00007ffe939a0000 - 0x00007ffe939ce000 	C:\WINDOWS\SYSTEM32\ncrypt.dll
0x00007ffe93960000 - 0x00007ffe93997000 	C:\WINDOWS\SYSTEM32\NTASN1.dll
0x00007ffe81940000 - 0x00007ffe81968000 	D:\idea\IntelliJ IDEA 2021.3.3\jbr\bin\sunec.dll

dbghelp: loaded successfully - version: 4.0.5 - missing functions: none
symbol engine: initialized successfully - sym options: 0x614 - pdb path: .;D:\idea\IntelliJ IDEA 2021.3.3\jbr\bin;C:\WINDOWS\SYSTEM32;C:\WINDOWS\WinSxS\amd64_microsoft.windows.common-controls_6595b64144ccf1df_6.0.22621.608_none_a9444ca7c10bb01d;D:\idea\IntelliJ IDEA 2021.3.3\jbr\bin\server

VM Arguments:
jvm_args: -Djava.rmi.server.hostname=127.0.0.1 -Duser.timezone=UTC -Xmx500m -Xms256m -Dfile.encoding=UTF-8 
java_command: com.intellij.database.remote.RemoteJdbcServer com.mysql.cj.jdbc.Driver
java_class_path (initial): D:\idea\IntelliJ IDEA 2021.3.3\lib\util.jar;D:\idea\IntelliJ IDEA 2021.3.3\lib\org_codehaus_groovy_groovy.jar;D:\idea\IntelliJ IDEA 2021.3.3\plugins\DatabaseTools\lib\jdbc-console.jar;C:\Users\叶永飞\AppData\Roaming\JetBrains\IntelliJIdea2021.3\jdbc-drivers\MySQL ConnectorJ\8.0.25\mysql-connector-java-8.0.25.jar
Launcher Type: SUN_STANDARD

[Global flags]
     intx CICompilerCount                          = 12                                        {product} {ergonomic}
     uint ConcGCThreads                            = 3                                         {product} {ergonomic}
     uint G1ConcRefinementThreads                  = 13                                        {product} {ergonomic}
   size_t G1HeapRegionSize                         = 1048576                                   {product} {ergonomic}
    uintx GCDrainStackTargetSize                   = 64                                        {product} {ergonomic}
   size_t InitialHeapSize                          = 268435456                                 {product} {command line}
   size_t MarkStackSize                            = 4194304                                   {product} {ergonomic}
   size_t MaxHeapSize                              = 524288000                                 {product} {command line}
   size_t MaxNewSize                               = 314572800                                 {product} {ergonomic}
   size_t MinHeapDeltaBytes                        = 1048576                                   {product} {ergonomic}
    uintx NonNMethodCodeHeapSize                   = 7594288                                {pd product} {ergonomic}
    uintx NonProfiledCodeHeapSize                  = 122031976                              {pd product} {ergonomic}
    uintx ProfiledCodeHeapSize                     = 122031976                              {pd product} {ergonomic}
    uintx ReservedCodeCacheSize                    = 251658240                              {pd product} {ergonomic}
     bool SegmentedCodeCache                       = true                                      {product} {ergonomic}
     bool UseCompressedClassPointers               = true                                 {lp64_product} {ergonomic}
     bool UseCompressedOops                        = true                                 {lp64_product} {ergonomic}
     bool UseG1GC                                  = true                                      {product} {ergonomic}
     bool UseLargePagesIndividualAllocation        = false                                  {pd product} {ergonomic}

Logging:
Log output configuration:
 #0: stdout all=warning uptime,level,tags
 #1: stderr all=off uptime,level,tags

Environment Variables:
JAVA_HOME=C:\Program Files\Java\jdk1.8.0_162
CLASSPATH=.;C:\Program Files\Java\jdk1.8.0_162\lib;C:\Program Files\Java\jdk1.8.0_162\lib\tools.jar
PATH=C:\ProgramData\Oracle\Java\javapath;C:\WINDOWS\system32;C:\WINDOWS;C:\WINDOWS\System32\Wbem;C:\WINDOWS\System32\WindowsPowerShell\v1.0\;C:\WINDOWS\System32\OpenSSH\;C:\Program Files\Bandizip\;C:\Program Files\dotnet\;D:\安装\微信web开发者工具\dll;;D:\Prog;am Files\Git\cmd;D:\Program Files\Git\cmd;H:\虚拟机\bin;D:\Version\bin;D:\安装\新建文件夹\Scripts\;D:\安装\新建文件夹\;C:\Users\叶永飞\AppData\Local\Programs\Python\Python38\Scripts\;C:\Users\叶永飞\AppData\Local\Programs\Python\Python38\;C:\Users\叶永飞\AppData\Local\Microsoft\WindowsApps;D:\pycharm\PyCharm Community Edition 2022.2.3\bin;;D:\pycharm\PyCharm 2021.3\bin;;D:\webstorm\WebStorm 2022.3.2\bin;;D:\idea\IntelliJ IDEA 2021.3.3\bin;;C:\Program Files\Java\jdk1.8.0_162\bin;C:\Program Files\Java\jdk1.8.0_162\jre\bin;
USERNAME=叶永飞
OS=Windows_NT
PROCESSOR_IDENTIFIER=AMD64 Family 25 Model 68 Stepping 1, AuthenticAMD



---------------  S Y S T E M  ---------------

OS: Windows 11 , 64 bit Build 22621 (10.0.22621.1485)
OS uptime: 0 days 7:48 hours
Hyper-V role detected

CPU:total 16 (initial active 16) (16 cores per cpu, 2 threads per core) family 25 model 68 stepping 1 microcode 0x0, cmov, cx8, fxsr, mmx, sse, sse2, sse3, ssse3, sse4.1, sse4.2, popcnt, avx, avx2, aes, clmul, mmxext, 3dnowpref, lzcnt, sse4a, ht, tsc, tscinvbit, tscinv, bmi1, bmi2, adx, sha, fma

Memory: 4k page, system-wide physical 15556M (6789M free)
TotalPageFile size 17604M (AvailPageFile size 2M)
current process WorkingSet (physical memory assigned to process): 15M, peak: 122M
current process commit charge ("private bytes"): 379M, peak: 387M

vm_info: OpenJDK 64-Bit Server VM (11.0.14.1+1-b1751.46) for windows-amd64 JRE (11.0.14.1+1-b1751.46), built on Feb 21 2022 15:19:20 by "" with MS VC++ 14.0 (VS2015)

END.
