#
# There is insufficient memory for the Java Runtime Environment to continue.
# Native memory allocation (malloc) failed to allocate 1048576 bytes for AllocateHeap
# Possible reasons:
#   The system is out of physical RAM or swap space
#   The process is running with CompressedOops enabled, and the Java Heap may be blocking the growth of the native heap
# Possible solutions:
#   Reduce memory load on the system
#   Increase physical memory or swap space
#   Check if swap backing store is full
#   Decrease Java heap size (-Xmx/-Xms)
#   Decrease number of Java threads
#   Decrease Java thread stack sizes (-Xss)
#   Set larger code cache with -XX:ReservedCodeCacheSize=
#   JVM is running with Unscaled Compressed Oops mode in which the Java heap is
#     placed in the first 4GB address space. The Java Heap base address is the
#     maximum limit for the native heap growth. Please use -XX:HeapBaseMinAddress
#     to set the Java Heap base and to place the Java Heap above 4GB virtual address.
# This output file may be truncated or incomplete.
#
#  Out of Memory Error (./src/hotspot/share/memory/allocation.cpp:46), pid=19384, tid=21660
#
# JRE version: OpenJDK Runtime Environment JBR-11.0.14.1.1-1751.46-jcef (11.0.14.1+1) (build 11.0.14.1+1-b1751.46)
# Java VM: OpenJDK 64-Bit Server VM JBR-11.0.14.1.1-1751.46-jcef (11.0.14.1+1-b1751.46, mixed mode, tiered, compressed oops, g1 gc, windows-amd64)
# No core dump will be written. Minidumps are not enabled by default on client versions of Windows
#

---------------  S U M M A R Y ------------

Command Line: -Djava.rmi.server.hostname=127.0.0.1 -Duser.timezone=UTC -Xmx500m -Xms256m -Dfile.encoding=UTF-8 com.intellij.database.remote.RemoteJdbcServer com.mysql.cj.jdbc.Driver

Host: AMD Ryzen 7 6800H with Radeon Graphics         , 16 cores, 15G,  Windows 11 , 64 bit Build 22621 (10.0.22621.1485)
Time: Wed Apr 19 19:37:09 2023 中国标准时间 elapsed time: 9.618366 seconds (0d 0h 0m 9s)

---------------  T H R E A D  ---------------

Current thread (0x000001dd1dc09000):  VMThread "VM Thread" [stack: 0x0000005862d00000,0x0000005862e00000] [id=21660]

Stack: [0x0000005862d00000,0x0000005862e00000]
[error occurred during error reporting (printing stack bounds), id 0xc0000005, EXCEPTION_ACCESS_VIOLATION (0xc0000005) at pc=0x000001dd0990112d]

Native frames: (J=compiled Java code, j=interpreted, Vv=VM code, C=native code)
V  [jvm.dll+0x61601a]
V  [jvm.dll+0x79c3b0]
V  [jvm.dll+0x79d9cd]
V  [jvm.dll+0x79e005]
V  [jvm.dll+0x79dfbb]
V  [jvm.dll+0x615144]
V  [jvm.dll+0x6158d8]
C  [ntdll.dll+0xa3cff]
C  [ntdll.dll+0x1e456]
C  [ntdll.dll+0xa2cee]
C  0x000001dd0990112d

VM_Operation (0x00000058645f8680): CollectForMetadataAllocation, mode: safepoint, requested by thread 0x000001dd1f6d8800


---------------  P R O C E S S  ---------------

Threads class SMR info:
_java_thread_list=0x000001dd1f0f4b60, length=23, elements={
0x000001dd05ca6000, 0x000001dd1dc0c000, 0x000001dd1dc36800, 0x000001dd1dca2000,
0x000001dd1dca3000, 0x000001dd1dca4000, 0x000001dd1dca9800, 0x000001dd1dcab000,
0x000001dd1dcb1800, 0x000001dd1de32000, 0x000001dd1de58800, 0x000001dd1de67800,
0x000001dd1de68800, 0x000001dd1de66800, 0x000001dd1e2b4800, 0x000001dd1e208000,
0x000001dd1e2b5000, 0x000001dd1e209800, 0x000001dd1edac800, 0x000001dd1f123800,
0x000001dd1f6d8800, 0x000001dd1f157000, 0x000001dd1fd81000
}

Java Threads: ( => current thread )
  0x000001dd05ca6000 JavaThread "main" [_thread_blocked, id=17704, stack(0x0000005862700000,0x0000005862800000)]
  0x000001dd1dc0c000 JavaThread "Reference Handler" daemon [_thread_blocked, id=21648, stack(0x0000005862e00000,0x0000005862f00000)]
  0x000001dd1dc36800 JavaThread "Finalizer" daemon [_thread_blocked, id=196, stack(0x0000005862f00000,0x0000005863000000)]
  0x000001dd1dca2000 JavaThread "Signal Dispatcher" daemon [_thread_blocked, id=14216, stack(0x0000005863000000,0x0000005863100000)]
  0x000001dd1dca3000 JavaThread "Attach Listener" daemon [_thread_blocked, id=6728, stack(0x0000005863100000,0x0000005863200000)]
  0x000001dd1dca4000 JavaThread "Service Thread" daemon [_thread_blocked, id=10652, stack(0x0000005863200000,0x0000005863300000)]
  0x000001dd1dca9800 JavaThread "C2 CompilerThread0" daemon [_thread_blocked, id=17600, stack(0x0000005863300000,0x0000005863400000)]
  0x000001dd1dcab000 JavaThread "C1 CompilerThread0" daemon [_thread_blocked, id=16136, stack(0x0000005863400000,0x0000005863500000)]
  0x000001dd1dcb1800 JavaThread "Sweeper thread" daemon [_thread_blocked, id=1020, stack(0x0000005863500000,0x0000005863600000)]
  0x000001dd1de32000 JavaThread "C1 CompilerThread1" daemon [_thread_blocked, id=22020, stack(0x0000005863600000,0x0000005863700000)]
  0x000001dd1de58800 JavaThread "Common-Cleaner" daemon [_thread_blocked, id=19192, stack(0x0000005863800000,0x0000005863900000)]
  0x000001dd1de67800 JavaThread "mysql-cj-abandoned-connection-cleanup" daemon [_thread_blocked, id=22148, stack(0x0000005863b00000,0x0000005863c00000)]
  0x000001dd1de68800 JavaThread "C1 CompilerThread2" daemon [_thread_blocked, id=22144, stack(0x0000005863900000,0x0000005863a00000)]
  0x000001dd1de66800 JavaThread "C1 CompilerThread3" daemon [_thread_blocked, id=11816, stack(0x0000005863a00000,0x0000005863b00000)]
  0x000001dd1e2b4800 JavaThread "RMI TCP Accept-18230" daemon [_thread_in_native, id=22188, stack(0x0000005863d00000,0x0000005863e00000)]
  0x000001dd1e208000 JavaThread "RMI TCP Accept-0" daemon [_thread_in_native, id=22156, stack(0x0000005863e00000,0x0000005863f00000)]
  0x000001dd1e2b5000 JavaThread "RMI Reaper" [_thread_blocked, id=20820, stack(0x0000005863f00000,0x0000005864000000)]
  0x000001dd1e209800 JavaThread "RMI GC Daemon" daemon [_thread_blocked, id=172, stack(0x0000005864000000,0x0000005864100000)]
  0x000001dd1edac800 JavaThread "RMI TCP Connection(1)-127.0.0.1" daemon [_thread_in_native, id=18040, stack(0x0000005864200000,0x0000005864300000)]
  0x000001dd1f123800 JavaThread "RMI Scheduler(0)" daemon [_thread_blocked, id=3496, stack(0x0000005864400000,0x0000005864500000)]
  0x000001dd1f6d8800 JavaThread "RMI TCP Connection(2)-127.0.0.1" daemon [_thread_blocked, id=5220, stack(0x0000005864500000,0x0000005864600000)]
  0x000001dd1f157000 JavaThread "C2 CompilerThread1" daemon [_thread_blocked, id=21964, stack(0x0000005863c00000,0x0000005863d00000)]
  0x000001dd1fd81000 JavaThread "C2 CompilerThread2" daemon [_thread_blocked, id=22300, stack(0x0000005864100000,0x0000005864200000)]

Other Threads:
=>0x000001dd1dc09000 VMThread "VM Thread" [stack: 0x0000005862d00000,0x0000005862e00000] [id=21660]
  0x000001dd1de43000 WatcherThread [stack: 0x0000005863700000,0x0000005863800000] [id=392]
  0x000001dd05cbf800 GCTaskThread "GC Thread#0" [stack: 0x0000005862800000,0x0000005862900000] [id=20016]
  0x000001dd1fb34000 GCTaskThread "GC Thread#1" [stack: 0x0000005864600000,0x0000005864700000] [id=18148]
  0x000001dd1fb35000 GCTaskThread "GC Thread#2" [stack: 0x0000005864700000,0x0000005864800000] [id=10288]
  0x000001dd1e80d800 GCTaskThread "GC Thread#3" [stack: 0x0000005864800000,0x0000005864900000] [id=20448]
  0x000001dd1e80e000 GCTaskThread "GC Thread#4" [stack: 0x0000005864900000,0x0000005864a00000] [id=17996]
  0x000001dd1f582800 GCTaskThread "GC Thread#5" [stack: 0x0000005864a00000,0x0000005864b00000] [id=22212]
  0x000001dd05cd4000 ConcurrentGCThread "G1 Main Marker" [stack: 0x0000005862900000,0x0000005862a00000] [id=20048]
  0x000001dd05cd6000 ConcurrentGCThread "G1 Conc#0" [stack: 0x0000005862a00000,0x0000005862b00000] [id=7212]
  0x000001dd1f586800 ConcurrentGCThread "G1 Conc#1" [stack: 0x0000005864300000,0x0000005864400000] [id=16060]
  0x000001dd1f583800 ConcurrentGCThread "G1 Conc#2" [stack: 0x0000005864b00000,0x0000005864c00000] [id=21448]
  0x000001dd1d26e800 ConcurrentGCThread "G1 Refine#0" [stack: 0x0000005862b00000,0x0000005862c00000] [id=18032]
  0x000001dd1d271000 ConcurrentGCThread "G1 Young RemSet Sampling" [stack: 0x0000005862c00000,0x0000005862d00000] [id=21656]

Threads with active compile tasks:

VM state:at safepoint (normal execution)

VM Mutex/Monitor currently owned by a thread:  ([mutex/lock_event])
[0x000001dd05ca1ba0] Threads_lock - owner thread: 0x000001dd1dc09000
[0x000001dd05ca1cc0] Heap_lock - owner thread: 0x000001dd1f6d8800

OutOfMemory and StackOverflow Exception counts:
OutOfMemoryError java_heap_errors=1
LinkageErrors=35

Heap address: 0x00000000e0c00000, size: 500 MB, Compressed Oops mode: 32-bit
Narrow klass base: 0x0000000000000000, Narrow klass shift: 3
Compressed class space size: 1073741824 Address: 0x0000000100000000

Heap:
 garbage-first heap   total 262144K, used 7122K [0x00000000e0c00000, 0x0000000100000000)
  region size 1024K, 1 young (1024K), 1 survivors (1024K)
 Metaspace       used 22466K, capacity 23124K, committed 23216K, reserved 1079296K
  class space    used 2286K, capacity 2529K, committed 2560K, reserved 1048576K
Heap Regions: E=young(eden), S=young(survivor), O=old, HS=humongous(starts), HC=humongous(continues), CS=collection set, F=free, A=archive, TAMS=top-at-mark-start (previous, next)
|   0|0x00000000e0c00000, 0x00000000e0d00000, 0x00000000e0d00000|100%| O|  |TAMS 0x00000000e0d00000, 0x00000000e0d00000| Untracked 
|   1|0x00000000e0d00000, 0x00000000e0e00000, 0x00000000e0e00000|100%| O|  |TAMS 0x00000000e0e00000, 0x00000000e0e00000| Untracked 
|   2|0x00000000e0e00000, 0x00000000e0f00000, 0x00000000e0f00000|100%| O|  |TAMS 0x00000000e0e0ac00, 0x00000000e0f00000| Untracked 
|   3|0x00000000e0f00000, 0x00000000e1000000, 0x00000000e1000000|100%| O|  |TAMS 0x00000000e0f00000, 0x00000000e1000000| Untracked 
|   4|0x00000000e1000000, 0x00000000e1100000, 0x00000000e1100000|100%| O|  |TAMS 0x00000000e1000000, 0x00000000e1100000| Untracked 
|   5|0x00000000e1100000, 0x00000000e1200000, 0x00000000e1200000|100%| O|  |TAMS 0x00000000e1100000, 0x00000000e1200000| Untracked 
|   6|0x00000000e1200000, 0x00000000e1218000, 0x00000000e1300000|  9%| O|  |TAMS 0x00000000e1200000, 0x00000000e1218000| Untracked 
|   7|0x00000000e1300000, 0x00000000e1300000, 0x00000000e1400000|  0%| F|  |TAMS 0x00000000e1300000, 0x00000000e1300000| Untracked 
|   8|0x00000000e1400000, 0x00000000e1400000, 0x00000000e1500000|  0%| F|  |TAMS 0x00000000e1400000, 0x00000000e1400000| Untracked 
|   9|0x00000000e1500000, 0x00000000e1500000, 0x00000000e1600000|  0%| F|  |TAMS 0x00000000e1500000, 0x00000000e1500000| Untracked 
|  10|0x00000000e1600000, 0x00000000e1600000, 0x00000000e1700000|  0%| F|  |TAMS 0x00000000e1600000, 0x00000000e1600000| Untracked 
|  11|0x00000000e1700000, 0x00000000e1700000, 0x00000000e1800000|  0%| F|  |TAMS 0x00000000e1700000, 0x00000000e1700000| Untracked 
|  12|0x00000000e1800000, 0x00000000e1800000, 0x00000000e1900000|  0%| F|  |TAMS 0x00000000e1800000, 0x00000000e1800000| Untracked 
|  13|0x00000000e1900000, 0x00000000e1900000, 0x00000000e1a00000|  0%| F|  |TAMS 0x00000000e1900000, 0x00000000e1900000| Untracked 
|  14|0x00000000e1a00000, 0x00000000e1a00000, 0x00000000e1b00000|  0%| F|  |TAMS 0x00000000e1a00000, 0x00000000e1a00000| Untracked 
|  15|0x00000000e1b00000, 0x00000000e1b00000, 0x00000000e1c00000|  0%| F|  |TAMS 0x00000000e1b00000, 0x00000000e1b00000| Untracked 
|  16|0x00000000e1c00000, 0x00000000e1c00000, 0x00000000e1d00000|  0%| F|  |TAMS 0x00000000e1c00000, 0x00000000e1c00000| Untracked 
|  17|0x00000000e1d00000, 0x00000000e1d00000, 0x00000000e1e00000|  0%| F|  |TAMS 0x00000000e1d00000, 0x00000000e1d00000| Untracked 
|  18|0x00000000e1e00000, 0x00000000e1e00000, 0x00000000e1f00000|  0%| F|  |TAMS 0x00000000e1e00000, 0x00000000e1e00000| Untracked 
|  19|0x00000000e1f00000, 0x00000000e1f00000, 0x00000000e2000000|  0%| F|  |TAMS 0x00000000e1f00000, 0x00000000e1f00000| Untracked 
|  20|0x00000000e2000000, 0x00000000e2000000, 0x00000000e2100000|  0%| F|  |TAMS 0x00000000e2000000, 0x00000000e2000000| Untracked 
|  21|0x00000000e2100000, 0x00000000e2100000, 0x00000000e2200000|  0%| F|  |TAMS 0x00000000e2100000, 0x00000000e2100000| Untracked 
|  22|0x00000000e2200000, 0x00000000e2200000, 0x00000000e2300000|  0%| F|  |TAMS 0x00000000e2200000, 0x00000000e2200000| Untracked 
|  23|0x00000000e2300000, 0x00000000e2300000, 0x00000000e2400000|  0%| F|  |TAMS 0x00000000e2300000, 0x00000000e2300000| Untracked 
|  24|0x00000000e2400000, 0x00000000e2400000, 0x00000000e2500000|  0%| F|  |TAMS 0x00000000e2400000, 0x00000000e2400000| Untracked 
|  25|0x00000000e2500000, 0x00000000e2500000, 0x00000000e2600000|  0%| F|  |TAMS 0x00000000e2500000, 0x00000000e2500000| Untracked 
|  26|0x00000000e2600000, 0x00000000e2600000, 0x00000000e2700000|  0%| F|  |TAMS 0x00000000e2600000, 0x00000000e2600000| Untracked 
|  27|0x00000000e2700000, 0x00000000e2700000, 0x00000000e2800000|  0%| F|  |TAMS 0x00000000e2700000, 0x00000000e2700000| Untracked 
|  28|0x00000000e2800000, 0x00000000e2800000, 0x00000000e2900000|  0%| F|  |TAMS 0x00000000e2800000, 0x00000000e2800000| Untracked 
|  29|0x00000000e2900000, 0x00000000e2900000, 0x00000000e2a00000|  0%| F|  |TAMS 0x00000000e2900000, 0x00000000e2900000| Untracked 
|  30|0x00000000e2a00000, 0x00000000e2a00000, 0x00000000e2b00000|  0%| F|  |TAMS 0x00000000e2a00000, 0x00000000e2a00000| Untracked 
|  31|0x00000000e2b00000, 0x00000000e2b00000, 0x00000000e2c00000|  0%| F|  |TAMS 0x00000000e2b00000, 0x00000000e2b00000| Untracked 
|  32|0x00000000e2c00000, 0x00000000e2c00000, 0x00000000e2d00000|  0%| F|  |TAMS 0x00000000e2c00000, 0x00000000e2c00000| Untracked 
|  33|0x00000000e2d00000, 0x00000000e2d00000, 0x00000000e2e00000|  0%| F|  |TAMS 0x00000000e2d00000, 0x00000000e2d00000| Untracked 
|  34|0x00000000e2e00000, 0x00000000e2e00000, 0x00000000e2f00000|  0%| F|  |TAMS 0x00000000e2e00000, 0x00000000e2e00000| Untracked 
|  35|0x00000000e2f00000, 0x00000000e2f00000, 0x00000000e3000000|  0%| F|  |TAMS 0x00000000e2f00000, 0x00000000e2f00000| Untracked 
|  36|0x00000000e3000000, 0x00000000e3000000, 0x00000000e3100000|  0%| F|  |TAMS 0x00000000e3000000, 0x00000000e3000000| Untracked 
|  37|0x00000000e3100000, 0x00000000e3100000, 0x00000000e3200000|  0%| F|  |TAMS 0x00000000e3100000, 0x00000000e3100000| Untracked 
|  38|0x00000000e3200000, 0x00000000e3200000, 0x00000000e3300000|  0%| F|  |TAMS 0x00000000e3200000, 0x00000000e3200000| Untracked 
|  39|0x00000000e3300000, 0x00000000e3300000, 0x00000000e3400000|  0%| F|  |TAMS 0x00000000e3300000, 0x00000000e3300000| Untracked 
|  40|0x00000000e3400000, 0x00000000e3400000, 0x00000000e3500000|  0%| F|  |TAMS 0x00000000e3400000, 0x00000000e3400000| Untracked 
|  41|0x00000000e3500000, 0x00000000e3500000, 0x00000000e3600000|  0%| F|  |TAMS 0x00000000e3500000, 0x00000000e3500000| Untracked 
|  42|0x00000000e3600000, 0x00000000e3600000, 0x00000000e3700000|  0%| F|  |TAMS 0x00000000e3600000, 0x00000000e3600000| Untracked 
|  43|0x00000000e3700000, 0x00000000e3700000, 0x00000000e3800000|  0%| F|  |TAMS 0x00000000e3700000, 0x00000000e3700000| Untracked 
|  44|0x00000000e3800000, 0x00000000e3800000, 0x00000000e3900000|  0%| F|  |TAMS 0x00000000e3800000, 0x00000000e3800000| Untracked 
|  45|0x00000000e3900000, 0x00000000e3900000, 0x00000000e3a00000|  0%| F|  |TAMS 0x00000000e3900000, 0x00000000e3900000| Untracked 
|  46|0x00000000e3a00000, 0x00000000e3a00000, 0x00000000e3b00000|  0%| F|  |TAMS 0x00000000e3a00000, 0x00000000e3a00000| Untracked 
|  47|0x00000000e3b00000, 0x00000000e3b00000, 0x00000000e3c00000|  0%| F|  |TAMS 0x00000000e3b00000, 0x00000000e3b00000| Untracked 
|  48|0x00000000e3c00000, 0x00000000e3c00000, 0x00000000e3d00000|  0%| F|  |TAMS 0x00000000e3c00000, 0x00000000e3c00000| Untracked 
|  49|0x00000000e3d00000, 0x00000000e3d00000, 0x00000000e3e00000|  0%| F|  |TAMS 0x00000000e3d00000, 0x00000000e3d00000| Untracked 
|  50|0x00000000e3e00000, 0x00000000e3e00000, 0x00000000e3f00000|  0%| F|  |TAMS 0x00000000e3e00000, 0x00000000e3e00000| Untracked 
|  51|0x00000000e3f00000, 0x00000000e3f00000, 0x00000000e4000000|  0%| F|  |TAMS 0x00000000e3f00000, 0x00000000e3f00000| Untracked 
|  52|0x00000000e4000000, 0x00000000e4000000, 0x00000000e4100000|  0%| F|  |TAMS 0x00000000e4000000, 0x00000000e4000000| Untracked 
|  53|0x00000000e4100000, 0x00000000e4100000, 0x00000000e4200000|  0%| F|  |TAMS 0x00000000e4100000, 0x00000000e4100000| Untracked 
|  54|0x00000000e4200000, 0x00000000e4200000, 0x00000000e4300000|  0%| F|  |TAMS 0x00000000e4200000, 0x00000000e4200000| Untracked 
|  55|0x00000000e4300000, 0x00000000e4300000, 0x00000000e4400000|  0%| F|  |TAMS 0x00000000e4300000, 0x00000000e4300000| Untracked 
|  56|0x00000000e4400000, 0x00000000e4400000, 0x00000000e4500000|  0%| F|  |TAMS 0x00000000e4400000, 0x00000000e4400000| Untracked 
|  57|0x00000000e4500000, 0x00000000e4500000, 0x00000000e4600000|  0%| F|  |TAMS 0x00000000e4500000, 0x00000000e4500000| Untracked 
|  58|0x00000000e4600000, 0x00000000e4600000, 0x00000000e4700000|  0%| F|  |TAMS 0x00000000e4600000, 0x00000000e4600000| Untracked 
|  59|0x00000000e4700000, 0x00000000e4700000, 0x00000000e4800000|  0%| F|  |TAMS 0x00000000e4700000, 0x00000000e4700000| Untracked 
|  60|0x00000000e4800000, 0x00000000e4800000, 0x00000000e4900000|  0%| F|  |TAMS 0x00000000e4800000, 0x00000000e4800000| Untracked 
|  61|0x00000000e4900000, 0x00000000e4900000, 0x00000000e4a00000|  0%| F|  |TAMS 0x00000000e4900000, 0x00000000e4900000| Untracked 
|  62|0x00000000e4a00000, 0x00000000e4a00000, 0x00000000e4b00000|  0%| F|  |TAMS 0x00000000e4a00000, 0x00000000e4a00000| Untracked 
|  63|0x00000000e4b00000, 0x00000000e4b00000, 0x00000000e4c00000|  0%| F|  |TAMS 0x00000000e4b00000, 0x00000000e4b00000| Untracked 
|  64|0x00000000e4c00000, 0x00000000e4c00000, 0x00000000e4d00000|  0%| F|  |TAMS 0x00000000e4c00000, 0x00000000e4c00000| Untracked 
|  65|0x00000000e4d00000, 0x00000000e4d00000, 0x00000000e4e00000|  0%| F|  |TAMS 0x00000000e4d00000, 0x00000000e4d00000| Untracked 
|  66|0x00000000e4e00000, 0x00000000e4e00000, 0x00000000e4f00000|  0%| F|  |TAMS 0x00000000e4e00000, 0x00000000e4e00000| Untracked 
|  67|0x00000000e4f00000, 0x00000000e4f00000, 0x00000000e5000000|  0%| F|  |TAMS 0x00000000e4f00000, 0x00000000e4f00000| Untracked 
|  68|0x00000000e5000000, 0x00000000e5000000, 0x00000000e5100000|  0%| F|  |TAMS 0x00000000e5000000, 0x00000000e5000000| Untracked 
|  69|0x00000000e5100000, 0x00000000e5100000, 0x00000000e5200000|  0%| F|  |TAMS 0x00000000e5100000, 0x00000000e5100000| Untracked 
|  70|0x00000000e5200000, 0x00000000e5200000, 0x00000000e5300000|  0%| F|  |TAMS 0x00000000e5200000, 0x00000000e5200000| Untracked 
|  71|0x00000000e5300000, 0x00000000e5300000, 0x00000000e5400000|  0%| F|  |TAMS 0x00000000e5300000, 0x00000000e5300000| Untracked 
|  72|0x00000000e5400000, 0x00000000e5400000, 0x00000000e5500000|  0%| F|  |TAMS 0x00000000e5400000, 0x00000000e5400000| Untracked 
|  73|0x00000000e5500000, 0x00000000e5500000, 0x00000000e5600000|  0%| F|  |TAMS 0x00000000e5500000, 0x00000000e5500000| Untracked 
|  74|0x00000000e5600000, 0x00000000e5600000, 0x00000000e5700000|  0%| F|  |TAMS 0x00000000e5600000, 0x00000000e5600000| Untracked 
|  75|0x00000000e5700000, 0x00000000e5700000, 0x00000000e5800000|  0%| F|  |TAMS 0x00000000e5700000, 0x00000000e5700000| Untracked 
|  76|0x00000000e5800000, 0x00000000e5800000, 0x00000000e5900000|  0%| F|  |TAMS 0x00000000e5800000, 0x00000000e5800000| Untracked 
|  77|0x00000000e5900000, 0x00000000e5900000, 0x00000000e5a00000|  0%| F|  |TAMS 0x00000000e5900000, 0x00000000e5900000| Untracked 
|  78|0x00000000e5a00000, 0x00000000e5a00000, 0x00000000e5b00000|  0%| F|  |TAMS 0x00000000e5a00000, 0x00000000e5a00000| Untracked 
|  79|0x00000000e5b00000, 0x00000000e5b00000, 0x00000000e5c00000|  0%| F|  |TAMS 0x00000000e5b00000, 0x00000000e5b00000| Untracked 
|  80|0x00000000e5c00000, 0x00000000e5c00000, 0x00000000e5d00000|  0%| F|  |TAMS 0x00000000e5c00000, 0x00000000e5c00000| Untracked 
|  81|0x00000000e5d00000, 0x00000000e5d00000, 0x00000000e5e00000|  0%| F|  |TAMS 0x00000000e5d00000, 0x00000000e5d00000| Untracked 
|  82|0x00000000e5e00000, 0x00000000e5e00000, 0x00000000e5f00000|  0%| F|  |TAMS 0x00000000e5e00000, 0x00000000e5e00000| Untracked 
|  83|0x00000000e5f00000, 0x00000000e5f00000, 0x00000000e6000000|  0%| F|  |TAMS 0x00000000e5f00000, 0x00000000e5f00000| Untracked 
|  84|0x00000000e6000000, 0x00000000e6000000, 0x00000000e6100000|  0%| F|  |TAMS 0x00000000e6000000, 0x00000000e6000000| Untracked 
|  85|0x00000000e6100000, 0x00000000e6100000, 0x00000000e6200000|  0%| F|  |TAMS 0x00000000e6100000, 0x00000000e6100000| Untracked 
|  86|0x00000000e6200000, 0x00000000e6200000, 0x00000000e6300000|  0%| F|  |TAMS 0x00000000e6200000, 0x00000000e6200000| Untracked 
|  87|0x00000000e6300000, 0x00000000e6300000, 0x00000000e6400000|  0%| F|  |TAMS 0x00000000e6300000, 0x00000000e6300000| Untracked 
|  88|0x00000000e6400000, 0x00000000e6400000, 0x00000000e6500000|  0%| F|  |TAMS 0x00000000e6400000, 0x00000000e6400000| Untracked 
|  89|0x00000000e6500000, 0x00000000e6500000, 0x00000000e6600000|  0%| F|  |TAMS 0x00000000e6500000, 0x00000000e6500000| Untracked 
|  90|0x00000000e6600000, 0x00000000e6600000, 0x00000000e6700000|  0%| F|  |TAMS 0x00000000e6600000, 0x00000000e6600000| Untracked 
|  91|0x00000000e6700000, 0x00000000e6700000, 0x00000000e6800000|  0%| F|  |TAMS 0x00000000e6700000, 0x00000000e6700000| Untracked 
|  92|0x00000000e6800000, 0x00000000e6800000, 0x00000000e6900000|  0%| F|  |TAMS 0x00000000e6800000, 0x00000000e6800000| Untracked 
|  93|0x00000000e6900000, 0x00000000e6900000, 0x00000000e6a00000|  0%| F|  |TAMS 0x00000000e6900000, 0x00000000e6900000| Untracked 
|  94|0x00000000e6a00000, 0x00000000e6a00000, 0x00000000e6b00000|  0%| F|  |TAMS 0x00000000e6a00000, 0x00000000e6a00000| Untracked 
|  95|0x00000000e6b00000, 0x00000000e6b00000, 0x00000000e6c00000|  0%| F|  |TAMS 0x00000000e6b00000, 0x00000000e6b00000| Untracked 
|  96|0x00000000e6c00000, 0x00000000e6c00000, 0x00000000e6d00000|  0%| F|  |TAMS 0x00000000e6c00000, 0x00000000e6c00000| Untracked 
|  97|0x00000000e6d00000, 0x00000000e6d00000, 0x00000000e6e00000|  0%| F|  |TAMS 0x00000000e6d00000, 0x00000000e6d00000| Untracked 
|  98|0x00000000e6e00000, 0x00000000e6e00000, 0x00000000e6f00000|  0%| F|  |TAMS 0x00000000e6e00000, 0x00000000e6e00000| Untracked 
|  99|0x00000000e6f00000, 0x00000000e6f00000, 0x00000000e7000000|  0%| F|  |TAMS 0x00000000e6f00000, 0x00000000e6f00000| Untracked 
| 100|0x00000000e7000000, 0x00000000e7000000, 0x00000000e7100000|  0%| F|  |TAMS 0x00000000e7000000, 0x00000000e7000000| Untracked 
| 101|0x00000000e7100000, 0x00000000e7100000, 0x00000000e7200000|  0%| F|  |TAMS 0x00000000e7100000, 0x00000000e7100000| Untracked 
| 102|0x00000000e7200000, 0x00000000e7200000, 0x00000000e7300000|  0%| F|  |TAMS 0x00000000e7200000, 0x00000000e7200000| Untracked 
| 103|0x00000000e7300000, 0x00000000e7300000, 0x00000000e7400000|  0%| F|  |TAMS 0x00000000e7300000, 0x00000000e7300000| Untracked 
| 104|0x00000000e7400000, 0x00000000e7400000, 0x00000000e7500000|  0%| F|  |TAMS 0x00000000e7400000, 0x00000000e7400000| Untracked 
| 105|0x00000000e7500000, 0x00000000e7500000, 0x00000000e7600000|  0%| F|  |TAMS 0x00000000e7500000, 0x00000000e7500000| Untracked 
| 106|0x00000000e7600000, 0x00000000e7600000, 0x00000000e7700000|  0%| F|  |TAMS 0x00000000e7600000, 0x00000000e7600000| Untracked 
| 107|0x00000000e7700000, 0x00000000e7700000, 0x00000000e7800000|  0%| F|  |TAMS 0x00000000e7700000, 0x00000000e7700000| Untracked 
| 108|0x00000000e7800000, 0x00000000e7800000, 0x00000000e7900000|  0%| F|  |TAMS 0x00000000e7800000, 0x00000000e7800000| Untracked 
| 109|0x00000000e7900000, 0x00000000e7900000, 0x00000000e7a00000|  0%| F|  |TAMS 0x00000000e7900000, 0x00000000e7900000| Untracked 
| 110|0x00000000e7a00000, 0x00000000e7a00000, 0x00000000e7b00000|  0%| F|  |TAMS 0x00000000e7a00000, 0x00000000e7a00000| Untracked 
| 111|0x00000000e7b00000, 0x00000000e7b00000, 0x00000000e7c00000|  0%| F|  |TAMS 0x00000000e7b00000, 0x00000000e7b00000| Untracked 
| 112|0x00000000e7c00000, 0x00000000e7c00000, 0x00000000e7d00000|  0%| F|  |TAMS 0x00000000e7c00000, 0x00000000e7c00000| Untracked 
| 113|0x00000000e7d00000, 0x00000000e7d00000, 0x00000000e7e00000|  0%| F|  |TAMS 0x00000000e7d00000, 0x00000000e7d00000| Untracked 
| 114|0x00000000e7e00000, 0x00000000e7e00000, 0x00000000e7f00000|  0%| F|  |TAMS 0x00000000e7e00000, 0x00000000e7e00000| Untracked 
| 115|0x00000000e7f00000, 0x00000000e7f00000, 0x00000000e8000000|  0%| F|  |TAMS 0x00000000e7f00000, 0x00000000e7f00000| Untracked 
| 116|0x00000000e8000000, 0x00000000e8000000, 0x00000000e8100000|  0%| F|  |TAMS 0x00000000e8000000, 0x00000000e8000000| Untracked 
| 117|0x00000000e8100000, 0x00000000e8100000, 0x00000000e8200000|  0%| F|  |TAMS 0x00000000e8100000, 0x00000000e8100000| Untracked 
| 118|0x00000000e8200000, 0x00000000e8200000, 0x00000000e8300000|  0%| F|  |TAMS 0x00000000e8200000, 0x00000000e8200000| Untracked 
| 119|0x00000000e8300000, 0x00000000e8300000, 0x00000000e8400000|  0%| F|  |TAMS 0x00000000e8300000, 0x00000000e8300000| Untracked 
| 120|0x00000000e8400000, 0x00000000e8400000, 0x00000000e8500000|  0%| F|  |TAMS 0x00000000e8400000, 0x00000000e8400000| Untracked 
| 121|0x00000000e8500000, 0x00000000e8500000, 0x00000000e8600000|  0%| F|  |TAMS 0x00000000e8500000, 0x00000000e8500000| Untracked 
| 122|0x00000000e8600000, 0x00000000e8600000, 0x00000000e8700000|  0%| F|  |TAMS 0x00000000e8600000, 0x00000000e8600000| Untracked 
| 123|0x00000000e8700000, 0x00000000e8700000, 0x00000000e8800000|  0%| F|  |TAMS 0x00000000e8700000, 0x00000000e8700000| Untracked 
| 124|0x00000000e8800000, 0x00000000e8800000, 0x00000000e8900000|  0%| F|  |TAMS 0x00000000e8800000, 0x00000000e8800000| Untracked 
| 125|0x00000000e8900000, 0x00000000e8900000, 0x00000000e8a00000|  0%| F|  |TAMS 0x00000000e8900000, 0x00000000e8900000| Untracked 
| 126|0x00000000e8a00000, 0x00000000e8a00000, 0x00000000e8b00000|  0%| F|  |TAMS 0x00000000e8a00000, 0x00000000e8a00000| Untracked 
| 127|0x00000000e8b00000, 0x00000000e8b00000, 0x00000000e8c00000|  0%| F|  |TAMS 0x00000000e8b00000, 0x00000000e8b00000| Untracked 
| 128|0x00000000e8c00000, 0x00000000e8c00000, 0x00000000e8d00000|  0%| F|  |TAMS 0x00000000e8c00000, 0x00000000e8c00000| Untracked 
| 129|0x00000000e8d00000, 0x00000000e8d00000, 0x00000000e8e00000|  0%| F|  |TAMS 0x00000000e8d00000, 0x00000000e8d00000| Untracked 
| 130|0x00000000e8e00000, 0x00000000e8e00000, 0x00000000e8f00000|  0%| F|  |TAMS 0x00000000e8e00000, 0x00000000e8e00000| Untracked 
| 131|0x00000000e8f00000, 0x00000000e8f00000, 0x00000000e9000000|  0%| F|  |TAMS 0x00000000e8f00000, 0x00000000e8f00000| Untracked 
| 132|0x00000000e9000000, 0x00000000e9000000, 0x00000000e9100000|  0%| F|  |TAMS 0x00000000e9000000, 0x00000000e9000000| Untracked 
| 133|0x00000000e9100000, 0x00000000e9100000, 0x00000000e9200000|  0%| F|  |TAMS 0x00000000e9100000, 0x00000000e9100000| Untracked 
| 134|0x00000000e9200000, 0x00000000e9200000, 0x00000000e9300000|  0%| F|  |TAMS 0x00000000e9200000, 0x00000000e9200000| Untracked 
| 135|0x00000000e9300000, 0x00000000e9300000, 0x00000000e9400000|  0%| F|  |TAMS 0x00000000e9300000, 0x00000000e9300000| Untracked 
| 136|0x00000000e9400000, 0x00000000e9400000, 0x00000000e9500000|  0%| F|  |TAMS 0x00000000e9400000, 0x00000000e9400000| Untracked 
| 137|0x00000000e9500000, 0x00000000e9500000, 0x00000000e9600000|  0%| F|  |TAMS 0x00000000e9500000, 0x00000000e9500000| Untracked 
| 138|0x00000000e9600000, 0x00000000e9600000, 0x00000000e9700000|  0%| F|  |TAMS 0x00000000e9600000, 0x00000000e9600000| Untracked 
| 139|0x00000000e9700000, 0x00000000e9700000, 0x00000000e9800000|  0%| F|  |TAMS 0x00000000e9700000, 0x00000000e9700000| Untracked 
| 140|0x00000000e9800000, 0x00000000e9800000, 0x00000000e9900000|  0%| F|  |TAMS 0x00000000e9800000, 0x00000000e9800000| Untracked 
| 141|0x00000000e9900000, 0x00000000e9900000, 0x00000000e9a00000|  0%| F|  |TAMS 0x00000000e9900000, 0x00000000e9900000| Untracked 
| 142|0x00000000e9a00000, 0x00000000e9a00000, 0x00000000e9b00000|  0%| F|  |TAMS 0x00000000e9a00000, 0x00000000e9a00000| Untracked 
| 143|0x00000000e9b00000, 0x00000000e9b00000, 0x00000000e9c00000|  0%| F|  |TAMS 0x00000000e9b00000, 0x00000000e9b00000| Untracked 
| 144|0x00000000e9c00000, 0x00000000e9c00000, 0x00000000e9d00000|  0%| F|  |TAMS 0x00000000e9c00000, 0x00000000e9c00000| Untracked 
| 145|0x00000000e9d00000, 0x00000000e9d00000, 0x00000000e9e00000|  0%| F|  |TAMS 0x00000000e9d00000, 0x00000000e9d00000| Untracked 
| 146|0x00000000e9e00000, 0x00000000e9e00000, 0x00000000e9f00000|  0%| F|  |TAMS 0x00000000e9e00000, 0x00000000e9e00000| Untracked 
| 147|0x00000000e9f00000, 0x00000000e9f00000, 0x00000000ea000000|  0%| F|  |TAMS 0x00000000e9f00000, 0x00000000e9f00000| Untracked 
| 148|0x00000000ea000000, 0x00000000ea000000, 0x00000000ea100000|  0%| F|  |TAMS 0x00000000ea000000, 0x00000000ea000000| Untracked 
| 149|0x00000000ea100000, 0x00000000ea100000, 0x00000000ea200000|  0%| F|  |TAMS 0x00000000ea100000, 0x00000000ea100000| Untracked 
| 150|0x00000000ea200000, 0x00000000ea200000, 0x00000000ea300000|  0%| F|  |TAMS 0x00000000ea200000, 0x00000000ea200000| Untracked 
| 151|0x00000000ea300000, 0x00000000ea300000, 0x00000000ea400000|  0%| F|  |TAMS 0x00000000ea300000, 0x00000000ea300000| Untracked 
| 152|0x00000000ea400000, 0x00000000ea400000, 0x00000000ea500000|  0%| F|  |TAMS 0x00000000ea400000, 0x00000000ea400000| Untracked 
| 153|0x00000000ea500000, 0x00000000ea500000, 0x00000000ea600000|  0%| F|  |TAMS 0x00000000ea500000, 0x00000000ea500000| Untracked 
| 154|0x00000000ea600000, 0x00000000ea600000, 0x00000000ea700000|  0%| F|  |TAMS 0x00000000ea600000, 0x00000000ea600000| Untracked 
| 155|0x00000000ea700000, 0x00000000ea700000, 0x00000000ea800000|  0%| F|  |TAMS 0x00000000ea700000, 0x00000000ea700000| Untracked 
| 156|0x00000000ea800000, 0x00000000ea800000, 0x00000000ea900000|  0%| F|  |TAMS 0x00000000ea800000, 0x00000000ea800000| Untracked 
| 157|0x00000000ea900000, 0x00000000ea900000, 0x00000000eaa00000|  0%| F|  |TAMS 0x00000000ea900000, 0x00000000ea900000| Untracked 
| 158|0x00000000eaa00000, 0x00000000eaa00000, 0x00000000eab00000|  0%| F|  |TAMS 0x00000000eaa00000, 0x00000000eaa00000| Untracked 
| 159|0x00000000eab00000, 0x00000000eab00000, 0x00000000eac00000|  0%| F|  |TAMS 0x00000000eab00000, 0x00000000eab00000| Untracked 
| 160|0x00000000eac00000, 0x00000000eac00000, 0x00000000ead00000|  0%| F|  |TAMS 0x00000000eac00000, 0x00000000eac00000| Untracked 
| 161|0x00000000ead00000, 0x00000000ead00000, 0x00000000eae00000|  0%| F|  |TAMS 0x00000000ead00000, 0x00000000ead00000| Untracked 
| 162|0x00000000eae00000, 0x00000000eae00000, 0x00000000eaf00000|  0%| F|  |TAMS 0x00000000eae00000, 0x00000000eae00000| Untracked 
| 163|0x00000000eaf00000, 0x00000000eaf00000, 0x00000000eb000000|  0%| F|  |TAMS 0x00000000eaf00000, 0x00000000eaf00000| Untracked 
| 164|0x00000000eb000000, 0x00000000eb000000, 0x00000000eb100000|  0%| F|  |TAMS 0x00000000eb000000, 0x00000000eb000000| Untracked 
| 165|0x00000000eb100000, 0x00000000eb100000, 0x00000000eb200000|  0%| F|  |TAMS 0x00000000eb100000, 0x00000000eb100000| Untracked 
| 166|0x00000000eb200000, 0x00000000eb200000, 0x00000000eb300000|  0%| F|  |TAMS 0x00000000eb200000, 0x00000000eb200000| Untracked 
| 167|0x00000000eb300000, 0x00000000eb300000, 0x00000000eb400000|  0%| F|  |TAMS 0x00000000eb300000, 0x00000000eb300000| Untracked 
| 168|0x00000000eb400000, 0x00000000eb400000, 0x00000000eb500000|  0%| F|  |TAMS 0x00000000eb400000, 0x00000000eb400000| Untracked 
| 169|0x00000000eb500000, 0x00000000eb500000, 0x00000000eb600000|  0%| F|  |TAMS 0x00000000eb500000, 0x00000000eb500000| Untracked 
| 170|0x00000000eb600000, 0x00000000eb600000, 0x00000000eb700000|  0%| F|  |TAMS 0x00000000eb600000, 0x00000000eb600000| Untracked 
| 171|0x00000000eb700000, 0x00000000eb700000, 0x00000000eb800000|  0%| F|  |TAMS 0x00000000eb700000, 0x00000000eb700000| Untracked 
| 172|0x00000000eb800000, 0x00000000eb800000, 0x00000000eb900000|  0%| F|  |TAMS 0x00000000eb800000, 0x00000000eb800000| Untracked 
| 173|0x00000000eb900000, 0x00000000eb900000, 0x00000000eba00000|  0%| F|  |TAMS 0x00000000eb900000, 0x00000000eb900000| Untracked 
| 174|0x00000000eba00000, 0x00000000eba00000, 0x00000000ebb00000|  0%| F|  |TAMS 0x00000000eba00000, 0x00000000eba00000| Untracked 
| 175|0x00000000ebb00000, 0x00000000ebb00000, 0x00000000ebc00000|  0%| F|  |TAMS 0x00000000ebb00000, 0x00000000ebb00000| Untracked 
| 176|0x00000000ebc00000, 0x00000000ebc00000, 0x00000000ebd00000|  0%| F|  |TAMS 0x00000000ebc00000, 0x00000000ebc00000| Untracked 
| 177|0x00000000ebd00000, 0x00000000ebd00000, 0x00000000ebe00000|  0%| F|  |TAMS 0x00000000ebd00000, 0x00000000ebd00000| Untracked 
| 178|0x00000000ebe00000, 0x00000000ebe00000, 0x00000000ebf00000|  0%| F|  |TAMS 0x00000000ebe00000, 0x00000000ebe00000| Untracked 
| 179|0x00000000ebf00000, 0x00000000ebf00000, 0x00000000ec000000|  0%| F|  |TAMS 0x00000000ebf00000, 0x00000000ebf00000| Untracked 
| 180|0x00000000ec000000, 0x00000000ec000000, 0x00000000ec100000|  0%| F|  |TAMS 0x00000000ec000000, 0x00000000ec000000| Untracked 
| 181|0x00000000ec100000, 0x00000000ec100000, 0x00000000ec200000|  0%| F|  |TAMS 0x00000000ec100000, 0x00000000ec100000| Untracked 
| 182|0x00000000ec200000, 0x00000000ec200000, 0x00000000ec300000|  0%| F|  |TAMS 0x00000000ec200000, 0x00000000ec200000| Untracked 
| 183|0x00000000ec300000, 0x00000000ec300000, 0x00000000ec400000|  0%| F|  |TAMS 0x00000000ec300000, 0x00000000ec300000| Untracked 
| 184|0x00000000ec400000, 0x00000000ec400000, 0x00000000ec500000|  0%| F|  |TAMS 0x00000000ec400000, 0x00000000ec400000| Untracked 
| 185|0x00000000ec500000, 0x00000000ec500000, 0x00000000ec600000|  0%| F|  |TAMS 0x00000000ec500000, 0x00000000ec500000| Untracked 
| 186|0x00000000ec600000, 0x00000000ec600000, 0x00000000ec700000|  0%| F|  |TAMS 0x00000000ec600000, 0x00000000ec600000| Untracked 
| 187|0x00000000ec700000, 0x00000000ec700000, 0x00000000ec800000|  0%| F|  |TAMS 0x00000000ec700000, 0x00000000ec700000| Untracked 
| 188|0x00000000ec800000, 0x00000000ec800000, 0x00000000ec900000|  0%| F|  |TAMS 0x00000000ec800000, 0x00000000ec800000| Untracked 
| 189|0x00000000ec900000, 0x00000000ec900000, 0x00000000eca00000|  0%| F|  |TAMS 0x00000000ec900000, 0x00000000ec900000| Untracked 
| 190|0x00000000eca00000, 0x00000000eca00000, 0x00000000ecb00000|  0%| F|  |TAMS 0x00000000eca00000, 0x00000000eca00000| Untracked 
| 191|0x00000000ecb00000, 0x00000000ecb00000, 0x00000000ecc00000|  0%| F|  |TAMS 0x00000000ecb00000, 0x00000000ecb00000| Untracked 
| 192|0x00000000ecc00000, 0x00000000ecc00000, 0x00000000ecd00000|  0%| F|  |TAMS 0x00000000ecc00000, 0x00000000ecc00000| Untracked 
| 193|0x00000000ecd00000, 0x00000000ecd00000, 0x00000000ece00000|  0%| F|  |TAMS 0x00000000ecd00000, 0x00000000ecd00000| Untracked 
| 194|0x00000000ece00000, 0x00000000ece00000, 0x00000000ecf00000|  0%| F|  |TAMS 0x00000000ece00000, 0x00000000ece00000| Untracked 
| 195|0x00000000ecf00000, 0x00000000ecf00000, 0x00000000ed000000|  0%| F|  |TAMS 0x00000000ecf00000, 0x00000000ecf00000| Untracked 
| 196|0x00000000ed000000, 0x00000000ed000000, 0x00000000ed100000|  0%| F|  |TAMS 0x00000000ed000000, 0x00000000ed000000| Untracked 
| 197|0x00000000ed100000, 0x00000000ed100000, 0x00000000ed200000|  0%| F|  |TAMS 0x00000000ed100000, 0x00000000ed100000| Untracked 
| 198|0x00000000ed200000, 0x00000000ed200000, 0x00000000ed300000|  0%| F|  |TAMS 0x00000000ed200000, 0x00000000ed200000| Untracked 
| 199|0x00000000ed300000, 0x00000000ed300000, 0x00000000ed400000|  0%| F|  |TAMS 0x00000000ed300000, 0x00000000ed300000| Untracked 
| 200|0x00000000ed400000, 0x00000000ed400000, 0x00000000ed500000|  0%| F|  |TAMS 0x00000000ed400000, 0x00000000ed400000| Untracked 
| 201|0x00000000ed500000, 0x00000000ed500000, 0x00000000ed600000|  0%| F|  |TAMS 0x00000000ed500000, 0x00000000ed500000| Untracked 
| 202|0x00000000ed600000, 0x00000000ed600000, 0x00000000ed700000|  0%| F|  |TAMS 0x00000000ed600000, 0x00000000ed600000| Untracked 
| 203|0x00000000ed700000, 0x00000000ed700000, 0x00000000ed800000|  0%| F|  |TAMS 0x00000000ed700000, 0x00000000ed700000| Untracked 
| 204|0x00000000ed800000, 0x00000000ed800000, 0x00000000ed900000|  0%| F|  |TAMS 0x00000000ed800000, 0x00000000ed800000| Untracked 
| 205|0x00000000ed900000, 0x00000000ed900000, 0x00000000eda00000|  0%| F|  |TAMS 0x00000000ed900000, 0x00000000ed900000| Untracked 
| 206|0x00000000eda00000, 0x00000000eda00000, 0x00000000edb00000|  0%| F|  |TAMS 0x00000000eda00000, 0x00000000eda00000| Untracked 
| 207|0x00000000edb00000, 0x00000000edb00000, 0x00000000edc00000|  0%| F|  |TAMS 0x00000000edb00000, 0x00000000edb00000| Untracked 
| 208|0x00000000edc00000, 0x00000000edc00000, 0x00000000edd00000|  0%| F|  |TAMS 0x00000000edc00000, 0x00000000edc00000| Untracked 
| 209|0x00000000edd00000, 0x00000000edd00000, 0x00000000ede00000|  0%| F|  |TAMS 0x00000000edd00000, 0x00000000edd00000| Untracked 
| 210|0x00000000ede00000, 0x00000000ede00000, 0x00000000edf00000|  0%| F|  |TAMS 0x00000000ede00000, 0x00000000ede00000| Untracked 
| 211|0x00000000edf00000, 0x00000000edf00000, 0x00000000ee000000|  0%| F|  |TAMS 0x00000000edf00000, 0x00000000edf00000| Untracked 
| 212|0x00000000ee000000, 0x00000000ee000000, 0x00000000ee100000|  0%| F|  |TAMS 0x00000000ee000000, 0x00000000ee000000| Untracked 
| 213|0x00000000ee100000, 0x00000000ee100000, 0x00000000ee200000|  0%| F|  |TAMS 0x00000000ee100000, 0x00000000ee100000| Untracked 
| 214|0x00000000ee200000, 0x00000000ee200000, 0x00000000ee300000|  0%| F|  |TAMS 0x00000000ee200000, 0x00000000ee200000| Untracked 
| 215|0x00000000ee300000, 0x00000000ee300000, 0x00000000ee400000|  0%| F|  |TAMS 0x00000000ee300000, 0x00000000ee300000| Untracked 
| 216|0x00000000ee400000, 0x00000000ee400000, 0x00000000ee500000|  0%| F|  |TAMS 0x00000000ee400000, 0x00000000ee400000| Untracked 
| 217|0x00000000ee500000, 0x00000000ee500000, 0x00000000ee600000|  0%| F|  |TAMS 0x00000000ee500000, 0x00000000ee500000| Untracked 
| 218|0x00000000ee600000, 0x00000000ee600000, 0x00000000ee700000|  0%| F|  |TAMS 0x00000000ee600000, 0x00000000ee600000| Untracked 
| 219|0x00000000ee700000, 0x00000000ee700000, 0x00000000ee800000|  0%| F|  |TAMS 0x00000000ee700000, 0x00000000ee700000| Untracked 
| 220|0x00000000ee800000, 0x00000000ee800000, 0x00000000ee900000|  0%| F|  |TAMS 0x00000000ee800000, 0x00000000ee800000| Untracked 
| 221|0x00000000ee900000, 0x00000000ee900000, 0x00000000eea00000|  0%| F|  |TAMS 0x00000000ee900000, 0x00000000ee900000| Untracked 
| 222|0x00000000eea00000, 0x00000000eea00000, 0x00000000eeb00000|  0%| F|  |TAMS 0x00000000eea00000, 0x00000000eea00000| Untracked 
| 223|0x00000000eeb00000, 0x00000000eeb00000, 0x00000000eec00000|  0%| F|  |TAMS 0x00000000eeb00000, 0x00000000eeb00000| Untracked 
| 224|0x00000000eec00000, 0x00000000eec00000, 0x00000000eed00000|  0%| F|  |TAMS 0x00000000eec00000, 0x00000000eec00000| Untracked 
| 225|0x00000000eed00000, 0x00000000eed00000, 0x00000000eee00000|  0%| F|  |TAMS 0x00000000eed00000, 0x00000000eed00000| Untracked 
| 226|0x00000000eee00000, 0x00000000eee00000, 0x00000000eef00000|  0%| F|  |TAMS 0x00000000eee00000, 0x00000000eee00000| Untracked 
| 227|0x00000000eef00000, 0x00000000eef00000, 0x00000000ef000000|  0%| F|  |TAMS 0x00000000eef00000, 0x00000000eef00000| Untracked 
| 228|0x00000000ef000000, 0x00000000ef000000, 0x00000000ef100000|  0%| F|  |TAMS 0x00000000ef000000, 0x00000000ef000000| Untracked 
| 229|0x00000000ef100000, 0x00000000ef100000, 0x00000000ef200000|  0%| F|  |TAMS 0x00000000ef100000, 0x00000000ef100000| Untracked 
| 230|0x00000000ef200000, 0x00000000ef200000, 0x00000000ef300000|  0%| F|  |TAMS 0x00000000ef200000, 0x00000000ef200000| Untracked 
| 231|0x00000000ef300000, 0x00000000ef300000, 0x00000000ef400000|  0%| F|  |TAMS 0x00000000ef300000, 0x00000000ef300000| Untracked 
| 232|0x00000000ef400000, 0x00000000ef400000, 0x00000000ef500000|  0%| F|  |TAMS 0x00000000ef400000, 0x00000000ef400000| Untracked 
| 233|0x00000000ef500000, 0x00000000ef500000, 0x00000000ef600000|  0%| F|  |TAMS 0x00000000ef500000, 0x00000000ef500000| Untracked 
| 234|0x00000000ef600000, 0x00000000ef600000, 0x00000000ef700000|  0%| F|  |TAMS 0x00000000ef600000, 0x00000000ef600000| Untracked 
| 235|0x00000000ef700000, 0x00000000ef700000, 0x00000000ef800000|  0%| F|  |TAMS 0x00000000ef700000, 0x00000000ef700000| Untracked 
| 236|0x00000000ef800000, 0x00000000ef800000, 0x00000000ef900000|  0%| F|  |TAMS 0x00000000ef800000, 0x00000000ef800000| Untracked 
| 237|0x00000000ef900000, 0x00000000ef900000, 0x00000000efa00000|  0%| F|  |TAMS 0x00000000ef900000, 0x00000000ef900000| Untracked 
| 238|0x00000000efa00000, 0x00000000efa00000, 0x00000000efb00000|  0%| F|  |TAMS 0x00000000efa00000, 0x00000000efa00000| Untracked 
| 239|0x00000000efb00000, 0x00000000efb00000, 0x00000000efc00000|  0%| F|  |TAMS 0x00000000efb00000, 0x00000000efb00000| Untracked 
| 240|0x00000000efc00000, 0x00000000efc00000, 0x00000000efd00000|  0%| F|  |TAMS 0x00000000efc00000, 0x00000000efc00000| Untracked 
| 241|0x00000000efd00000, 0x00000000efd00000, 0x00000000efe00000|  0%| F|  |TAMS 0x00000000efd00000, 0x00000000efd00000| Untracked 
| 242|0x00000000efe00000, 0x00000000efe00000, 0x00000000eff00000|  0%| F|  |TAMS 0x00000000efe00000, 0x00000000efe00000| Untracked 
| 243|0x00000000eff00000, 0x00000000eff00000, 0x00000000f0000000|  0%| F|  |TAMS 0x00000000eff00000, 0x00000000eff00000| Untracked 
| 244|0x00000000f0000000, 0x00000000f00dcbe0, 0x00000000f0100000| 86%| S|CS|TAMS 0x00000000f0000000, 0x00000000f0000000| Complete 
| 245|0x00000000f0100000, 0x00000000f0100000, 0x00000000f0200000|  0%| F|  |TAMS 0x00000000f0100000, 0x00000000f0100000| Untracked 
| 246|0x00000000f0200000, 0x00000000f0200000, 0x00000000f0300000|  0%| F|  |TAMS 0x00000000f0200000, 0x00000000f0200000| Untracked 
| 247|0x00000000f0300000, 0x00000000f0300000, 0x00000000f0400000|  0%| F|  |TAMS 0x00000000f0300000, 0x00000000f0300000| Untracked 
| 248|0x00000000f0400000, 0x00000000f0400000, 0x00000000f0500000|  0%| F|  |TAMS 0x00000000f0400000, 0x00000000f0400000| Untracked 
| 249|0x00000000f0500000, 0x00000000f0500000, 0x00000000f0600000|  0%| F|  |TAMS 0x00000000f0500000, 0x00000000f0500000| Untracked 
| 250|0x00000000f0600000, 0x00000000f0600000, 0x00000000f0700000|  0%| F|  |TAMS 0x00000000f0600000, 0x00000000f0600000| Untracked 
| 251|0x00000000f0700000, 0x00000000f0700000, 0x00000000f0800000|  0%| F|  |TAMS 0x00000000f0700000, 0x00000000f0700000| Untracked 
| 252|0x00000000f0800000, 0x00000000f0800000, 0x00000000f0900000|  0%| F|  |TAMS 0x00000000f0800000, 0x00000000f0800000| Untracked 
| 253|0x00000000f0900000, 0x00000000f0900000, 0x00000000f0a00000|  0%| F|  |TAMS 0x00000000f0900000, 0x00000000f0900000| Untracked 
| 254|0x00000000f0a00000, 0x00000000f0a00000, 0x00000000f0b00000|  0%| F|  |TAMS 0x00000000f0a00000, 0x00000000f0a00000| Untracked 
| 255|0x00000000f0b00000, 0x00000000f0b00000, 0x00000000f0c00000|  0%| F|  |TAMS 0x00000000f0b00000, 0x00000000f0b00000| Untracked 

Card table byte_map: [0x000001dd19280000,0x000001dd19380000] _byte_map_base: 0x000001dd18b7a000

Marking Bits (Prev, Next): (CMBitMap*) 0x000001dd05cd12c0, (CMBitMap*) 0x000001dd05cd1288
 Prev Bits: [0x000001dd19c50000, 0x000001dd1a420000)
 Next Bits: [0x000001dd19480000, 0x000001dd19c50000)

Polling page: 0x000001dd05480000

Metaspace:

Usage:
  Non-class:     20.11 MB capacity,    19.71 MB ( 98%) used,   346.17 KB (  2%) free+waste,    69.00 KB ( <1%) overhead. 
      Class:      2.47 MB capacity,     2.23 MB ( 90%) used,   209.72 KB (  8%) free+waste,    32.63 KB (  1%) overhead. 
       Both:     22.58 MB capacity,    21.94 MB ( 97%) used,   555.89 KB (  2%) free+waste,   101.63 KB ( <1%) overhead. 

Virtual space:
  Non-class space:       30.00 MB reserved,      20.17 MB ( 67%) committed 
      Class space:        1.00 GB reserved,       2.50 MB ( <1%) committed 
             Both:        1.03 GB reserved,      22.67 MB (  2%) committed 

Chunk freelists:
   Non-Class:  61.00 KB
       Class:  0 bytes
        Both:  61.00 KB

MaxMetaspaceSize: 17179869184.00 GB
CompressedClassSpaceSize: 1.00 GB
Initial GC threshold: 20.80 MB
Current GC threshold: 35.40 MB
CDS: off

CodeHeap 'non-profiled nmethods': size=119168Kb used=1154Kb max_used=1154Kb free=118013Kb
 bounds [0x000001dd114a0000, 0x000001dd11710000, 0x000001dd18900000]
CodeHeap 'profiled nmethods': size=119168Kb used=6502Kb max_used=6502Kb free=112665Kb
 bounds [0x000001dd0a040000, 0x000001dd0a6a0000, 0x000001dd114a0000]
CodeHeap 'non-nmethods': size=7424Kb used=2932Kb max_used=2977Kb free=4491Kb
 bounds [0x000001dd09900000, 0x000001dd09c00000, 0x000001dd0a040000]
 total_blobs=3456 nmethods=2931 adapters=433
 compilation: enabled
              stopped_count=0, restarted_count=0
 full_count=0

Compilation events (20 events):
Event: 9.394 Thread 0x000001dd1dcab000 nmethod 2928 0x000001dd0a697290 code [0x000001dd0a697500, 0x000001dd0a698078]
Event: 9.394 Thread 0x000001dd1fd81000 nmethod 2916 0x000001dd115bc990 code [0x000001dd115bcb40, 0x000001dd115bd148]
Event: 9.394 Thread 0x000001dd1fd81000 2898       4       java.util.HashMap$KeySet::iterator (12 bytes)
Event: 9.394 Thread 0x000001dd1de68800 2930       3       java.lang.Character::isLetterOrDigit (19 bytes)
Event: 9.395 Thread 0x000001dd1de66800 2931       3       java.util.regex.Pattern$Bound::isWord (38 bytes)
Event: 9.395 Thread 0x000001dd1de68800 nmethod 2930 0x000001dd0a698590 code [0x000001dd0a698760, 0x000001dd0a6989f8]
Event: 9.395 Thread 0x000001dd1de66800 nmethod 2931 0x000001dd0a698b10 code [0x000001dd0a698d60, 0x000001dd0a699608]
Event: 9.397 Thread 0x000001dd1fd81000 nmethod 2898 0x000001dd115bd310 code [0x000001dd115bd4c0, 0x000001dd115bd778]
Event: 9.397 Thread 0x000001dd1fd81000 2914       4       sun.security.ec.XECOperations::bitAt (23 bytes)
Event: 9.398 Thread 0x000001dd1fd81000 nmethod 2914 0x000001dd115bd990 code [0x000001dd115bdb20, 0x000001dd115bdbf8]
Event: 9.398 Thread 0x000001dd1fd81000 2919       4       java.math.BigInteger::mulAdd (19 bytes)
Event: 9.399 Thread 0x000001dd1dca9800 nmethod 2918% 0x000001dd115bdd10 code [0x000001dd115bdec0, 0x000001dd115be598]
Event: 9.399 Thread 0x000001dd1dca9800 2912       4       java.lang.Enum::equals (11 bytes)
Event: 9.400 Thread 0x000001dd1fd81000 nmethod 2919 0x000001dd115be890 code [0x000001dd115bea20, 0x000001dd115beb78]
Event: 9.400 Thread 0x000001dd1fd81000 2920       4       java.math.BigInteger::implMulAddCheck (173 bytes)
Event: 9.400 Thread 0x000001dd1dca9800 nmethod 2912 0x000001dd115bed10 code [0x000001dd115beea0, 0x000001dd115bef18]
Event: 9.400 Thread 0x000001dd1dca9800 2927       4       java.lang.PublicMethods$Key::matches (31 bytes)
Event: 9.401 Thread 0x000001dd1fd81000 nmethod 2920 0x000001dd115bf010 code [0x000001dd115bf1a0, 0x000001dd115bf298]
Event: 9.403 Thread 0x000001dd1f157000 nmethod 2911 0x000001dd115bf410 code [0x000001dd115bf5c0, 0x000001dd115c00e8]
Event: 9.403 Thread 0x000001dd1dca9800 nmethod 2927 0x000001dd115c0310 code [0x000001dd115c04c0, 0x000001dd115c07d8]

GC Heap History (8 events):
Event: 1.025 GC heap before
{Heap before GC invocations=0 (full 0):
 garbage-first heap   total 262144K, used 23552K [0x00000000e0c00000, 0x0000000100000000)
  region size 1024K, 24 young (24576K), 0 survivors (0K)
 Metaspace       used 14746K, capacity 15303K, committed 15360K, reserved 1062912K
  class space    used 1521K, capacity 1740K, committed 1792K, reserved 1048576K
}
Event: 1.038 GC heap after
{Heap after GC invocations=1 (full 0):
 garbage-first heap   total 262144K, used 5163K [0x00000000e0c00000, 0x0000000100000000)
  region size 1024K, 3 young (3072K), 3 survivors (3072K)
 Metaspace       used 14746K, capacity 15303K, committed 15360K, reserved 1062912K
  class space    used 1521K, capacity 1740K, committed 1792K, reserved 1048576K
}
Event: 1.460 GC heap before
{Heap before GC invocations=1 (full 0):
 garbage-first heap   total 262144K, used 14379K [0x00000000e0c00000, 0x0000000100000000)
  region size 1024K, 13 young (13312K), 3 survivors (3072K)
 Metaspace       used 20606K, capacity 21180K, committed 21296K, reserved 1069056K
  class space    used 2166K, capacity 2415K, committed 2432K, reserved 1048576K
}
Event: 1.466 GC heap after
{Heap after GC invocations=2 (full 0):
 garbage-first heap   total 262144K, used 6497K [0x00000000e0c00000, 0x0000000100000000)
  region size 1024K, 5 young (5120K), 5 survivors (5120K)
 Metaspace       used 20606K, capacity 21180K, committed 21296K, reserved 1069056K
  class space    used 2166K, capacity 2415K, committed 2432K, reserved 1048576K
}
Event: 2.234 GC heap before
{Heap before GC invocations=3 (full 0):
 garbage-first heap   total 262144K, used 17761K [0x00000000e0c00000, 0x0000000100000000)
  region size 1024K, 16 young (16384K), 5 survivors (5120K)
 Metaspace       used 21986K, capacity 22634K, committed 22960K, reserved 1069056K
  class space    used 2262K, capacity 2509K, committed 2560K, reserved 1048576K
}
Event: 2.245 GC heap after
{Heap after GC invocations=4 (full 0):
 garbage-first heap   total 262144K, used 7217K [0x00000000e0c00000, 0x0000000100000000)
  region size 1024K, 1 young (1024K), 1 survivors (1024K)
 Metaspace       used 21986K, capacity 22634K, committed 22960K, reserved 1069056K
  class space    used 2262K, capacity 2509K, committed 2560K, reserved 1048576K
}
Event: 9.616 GC heap before
{Heap before GC invocations=4 (full 0):
 garbage-first heap   total 262144K, used 17457K [0x00000000e0c00000, 0x0000000100000000)
  region size 1024K, 12 young (12288K), 1 survivors (1024K)
 Metaspace       used 22466K, capacity 23124K, committed 23216K, reserved 1077248K
  class space    used 2286K, capacity 2529K, committed 2560K, reserved 1048576K
}
Event: 9.617 GC heap after
{Heap after GC invocations=5 (full 0):
 garbage-first heap   total 262144K, used 7122K [0x00000000e0c00000, 0x0000000100000000)
  region size 1024K, 1 young (1024K), 1 survivors (1024K)
 Metaspace       used 22466K, capacity 23124K, committed 23216K, reserved 1077248K
  class space    used 2286K, capacity 2529K, committed 2560K, reserved 1048576K
}

Deoptimization events (20 events):
Event: 2.335 Thread 0x000001dd1f6d8800 DEOPT PACKING pc=0x000001dd11581434 sp=0x00000058645fb0c0
Event: 2.335 Thread 0x000001dd1f6d8800 DEOPT UNPACKING pc=0x000001dd0994a1af sp=0x00000058645fb050 mode 2
Event: 2.350 Thread 0x000001dd1f6d8800 Uncommon trap: trap_request=0xffffff7e fr.pc=0x000001dd115785a8 relative=0x00000000000003e8
Event: 2.350 Thread 0x000001dd1f6d8800 Uncommon trap: reason=predicate action=maybe_recompile pc=0x000001dd115785a8 method=java.io.ObjectOutputStream$BlockDataOutputStream.getUTFLength(Ljava/lang/String;)J @ 13 c2
Event: 2.350 Thread 0x000001dd1f6d8800 DEOPT PACKING pc=0x000001dd115785a8 sp=0x00000058645fab10
Event: 2.350 Thread 0x000001dd1f6d8800 DEOPT UNPACKING pc=0x000001dd0994a1af sp=0x00000058645faa90 mode 2
Event: 2.394 Thread 0x000001dd1f6d8800 DEOPT PACKING pc=0x000001dd0a0e06fa sp=0x00000058645fae30
Event: 2.394 Thread 0x000001dd1f6d8800 DEOPT UNPACKING pc=0x000001dd0994a95e sp=0x00000058645fa268 mode 0
Event: 2.513 Thread 0x000001dd1f6d8800 DEOPT PACKING pc=0x000001dd0a4bb1b8 sp=0x00000058645fa4c0
Event: 2.513 Thread 0x000001dd1f6d8800 DEOPT UNPACKING pc=0x000001dd0994a95e sp=0x00000058645f99a0 mode 0
Event: 2.542 Thread 0x000001dd1f6d8800 DEOPT PACKING pc=0x000001dd0a56a6fb sp=0x00000058645fac00
Event: 2.542 Thread 0x000001dd1f6d8800 DEOPT UNPACKING pc=0x000001dd0994a95e sp=0x00000058645fa058 mode 0
Event: 5.143 Thread 0x000001dd1de67800 Uncommon trap: trap_request=0xffffff4d fr.pc=0x000001dd11517ee0 relative=0x0000000000000880
Event: 5.143 Thread 0x000001dd1de67800 Uncommon trap: reason=unstable_if action=reinterpret pc=0x000001dd11517ee0 method=java.util.zip.ZipFile$Source.getEntryPos([BZ)I @ 145 c2
Event: 5.143 Thread 0x000001dd1de67800 DEOPT PACKING pc=0x000001dd11517ee0 sp=0x0000005863bfe950
Event: 5.143 Thread 0x000001dd1de67800 DEOPT UNPACKING pc=0x000001dd0994a1af sp=0x0000005863bfe8f8 mode 2
Event: 8.604 Thread 0x000001dd1f6d8800 Uncommon trap: trap_request=0xffffff4d fr.pc=0x000001dd1156e510 relative=0x0000000000000530
Event: 8.604 Thread 0x000001dd1f6d8800 Uncommon trap: reason=unstable_if action=reinterpret pc=0x000001dd1156e510 method=java.lang.PublicMethods$MethodList.filter([Ljava/lang/reflect/Method;Ljava/lang/String;[Ljava/lang/Class;Z)Ljava/lang/PublicMethods$MethodList; @ 58 c2
Event: 8.604 Thread 0x000001dd1f6d8800 DEOPT PACKING pc=0x000001dd1156e510 sp=0x00000058645fa960
Event: 8.604 Thread 0x000001dd1f6d8800 DEOPT UNPACKING pc=0x000001dd0994a1af sp=0x00000058645fa8f0 mode 2

Classes redefined (0 events):
No events

Internal exceptions (20 events):
Event: 0.751 Thread 0x000001dd1f6d8800 Exception <a 'java/lang/NoSuchMethodError'{0x00000000efd27578}: <clinit>> (0x00000000efd27578) thrown at [./src/hotspot/share/prims/jni.cpp, line 1366]
Event: 0.834 Thread 0x000001dd1f6d8800 Exception <a 'java/lang/NoSuchMethodError'{0x00000000efb38920}: 'int java.lang.invoke.DirectMethodHandle$Holder.invokeSpecialIFC(java.lang.Object, java.lang.Object, int)'> (0x00000000efb38920) thrown at [./src/hotspot/share/interpreter/linkResolver.cpp, line 773]
Event: 0.874 Thread 0x000001dd1f6d8800 Exception <a 'java/lang/NoSuchMethodError'{0x00000000efa42938}: 'java.lang.Object java.lang.invoke.DirectMethodHandle$Holder.invokeVirtual(java.lang.Object, java.lang.Object, java.lang.Object)'> (0x00000000efa42938) thrown at [./src/hotspot/share/interpreter/linkResolver.cpp, line 773]
Event: 0.966 Thread 0x000001dd1f6d8800 Exception <a 'java/lang/NoSuchMethodError'{0x00000000ef6a98f8}: 'void java.lang.invoke.DirectMethodHandle$Holder.invokeStaticInit(java.lang.Object, java.lang.Object)'> (0x00000000ef6a98f8) thrown at [./src/hotspot/share/interpreter/linkResolver.cpp, line 773]
Event: 1.069 Thread 0x000001dd1f6d8800 Exception <a 'sun/nio/fs/WindowsException'{0x00000000f0a5d9b8}> (0x00000000f0a5d9b8) thrown at [./src/hotspot/share/prims/jni.cpp, line 616]
Event: 1.082 Thread 0x000001dd1f6d8800 Exception <a 'java/lang/NoSuchMethodError'{0x00000000f0a7e798}: 'int java.lang.invoke.DirectMethodHandle$Holder.invokeStaticInit(java.lang.Object, java.lang.Object, java.lang.Object, java.lang.Object)'> (0x00000000f0a7e798) thrown at [./src/hotspot/share/interpreter/linkResolver.cpp, line 773]
Event: 1.083 Thread 0x000001dd1f6d8800 Exception <a 'java/lang/IncompatibleClassChangeError'{0x00000000f09076d0}: Found class java.lang.Object, but interface was expected> (0x00000000f09076d0) thrown at [./src/hotspot/share/interpreter/linkResolver.cpp, line 839]
Event: 1.085 Thread 0x000001dd1f6d8800 Exception <a 'java/lang/NoSuchMethodError'{0x00000000f090cdd0}: 'int java.lang.invoke.DirectMethodHandle$Holder.invokeStaticInit(java.lang.Object, java.lang.Object)'> (0x00000000f090cdd0) thrown at [./src/hotspot/share/interpreter/linkResolver.cpp, line 773]
Event: 1.360 Thread 0x000001dd1f6d8800 Implicit null exception at 0x000001dd114cdb97 to 0x000001dd114ce4e4
Event: 1.576 Thread 0x000001dd1f6d8800 Implicit null exception at 0x000001dd114dd514 to 0x000001dd114dde5c
Event: 1.803 Thread 0x000001dd1f6d8800 Exception <a 'java/lang/NoSuchMethodError'{0x00000000f0645a20}: <clinit>> (0x00000000f0645a20) thrown at [./src/hotspot/share/prims/jni.cpp, line 1366]
Event: 1.803 Thread 0x000001dd1f6d8800 Exception <a 'java/lang/NoSuchMethodError'{0x00000000f0652498}: <clinit>> (0x00000000f0652498) thrown at [./src/hotspot/share/prims/jni.cpp, line 1366]
Event: 1.866 Thread 0x000001dd1f6d8800 Exception <a 'java/lang/NoSuchMethodError'{0x00000000f056c4d0}: <clinit>> (0x00000000f056c4d0) thrown at [./src/hotspot/share/prims/jni.cpp, line 1366]
Event: 1.866 Thread 0x000001dd1f6d8800 Exception <a 'java/lang/NoSuchMethodError'{0x00000000f0577600}: <clinit>> (0x00000000f0577600) thrown at [./src/hotspot/share/prims/jni.cpp, line 1366]
Event: 1.867 Thread 0x000001dd1f6d8800 Exception <a 'java/lang/NoSuchMethodError'{0x00000000f0582658}: <clinit>> (0x00000000f0582658) thrown at [./src/hotspot/share/prims/jni.cpp, line 1366]
Event: 1.909 Thread 0x000001dd1f6d8800 Exception <a 'java/lang/NoSuchMethodError'{0x00000000f05ef920}: <clinit>> (0x00000000f05ef920) thrown at [./src/hotspot/share/prims/jni.cpp, line 1366]
Event: 2.024 Thread 0x000001dd1f6d8800 Exception <a 'java/lang/NoSuchMethodError'{0x00000000f0370820}: <clinit>> (0x00000000f0370820) thrown at [./src/hotspot/share/prims/jni.cpp, line 1366]
Event: 2.572 Thread 0x000001dd1f6d8800 Exception <a 'java/net/SocketException'{0x00000000f07fa958}: Software caused connection abort: socket write error> (0x00000000f07fa958) thrown at [./src/hotspot/share/prims/jni.cpp, line 637]
Event: 8.865 Thread 0x000001dd1f6d8800 Exception <a 'java/lang/NoSuchMethodError'{0x00000000f03722e8}: <clinit>> (0x00000000f03722e8) thrown at [./src/hotspot/share/prims/jni.cpp, line 1366]
Event: 9.614 Thread 0x000001dd1f6d8800 Exception <a 'java/lang/OutOfMemoryError'{0x00000000f01e95c8}> (0x00000000f01e95c8) thrown at [./src/hotspot/share/prims/jni.cpp, line 637]

Events (20 events):
Event: 8.867 loading class java/util/DualPivotQuicksort done
Event: 8.867 loading class com/intellij/database/remote/jdbc/LobInfo
Event: 8.867 loading class com/intellij/database/remote/jdbc/LobInfo done
Event: 8.867 loading class com/intellij/database/remote/jdbc/LobInfo$1
Event: 8.867 loading class com/intellij/database/remote/jdbc/LobInfo$1 done
Event: 8.879 Thread 0x000001dd1f157000 Thread added: 0x000001dd1f157000
Event: 8.883 Thread 0x000001dd1f159800 Thread added: 0x000001dd1f159800
Event: 9.381 Thread 0x000001dd1f159800 Thread exited: 0x000001dd1f159800
Event: 9.388 Thread 0x000001dd1fd81000 Thread added: 0x000001dd1fd81000
Event: 9.614 loading class com/mysql/cj/exceptions/MysqlErrorNumbers
Event: 9.614 loading class com/mysql/cj/exceptions/MysqlErrorNumbers done
Event: 9.614 loading class java/util/zip/DataFormatException
Event: 9.614 loading class java/util/zip/DataFormatException done
Event: 9.614 loading class java/io/InterruptedIOException
Event: 9.615 loading class java/io/InterruptedIOException done
Event: 9.615 loading class com/mysql/cj/exceptions/ExceptionFactory
Event: 9.615 loading class com/mysql/cj/exceptions/ExceptionFactory done
Event: 9.615 loading class com/mysql/cj/jdbc/exceptions/SQLExceptionsMapping
Event: 9.615 loading class com/mysql/cj/jdbc/exceptions/SQLExceptionsMapping done
Event: 9.615 Executing VM operation: CollectForMetadataAllocation


Dynamic libraries:
0x00007ff773a90000 - 0x00007ff773a9a000 	D:\idea\IntelliJ IDEA 2021.3.3\jbr\bin\java.exe
0x00007ffe96cb0000 - 0x00007ffe96ec4000 	C:\WINDOWS\SYSTEM32\ntdll.dll
0x00007ffe95260000 - 0x00007ffe95322000 	C:\WINDOWS\System32\KERNEL32.DLL
0x00007ffe94600000 - 0x00007ffe9499c000 	C:\WINDOWS\System32\KERNELBASE.dll
0x00007ffe94190000 - 0x00007ffe942a1000 	C:\WINDOWS\System32\ucrtbase.dll
0x00007ffe81c50000 - 0x00007ffe81c69000 	D:\idea\IntelliJ IDEA 2021.3.3\jbr\bin\jli.dll
0x00007ffe7c730000 - 0x00007ffe7c746000 	D:\idea\IntelliJ IDEA 2021.3.3\jbr\bin\VCRUNTIME140.dll
0x00007ffe95e30000 - 0x00007ffe95fdb000 	C:\WINDOWS\System32\USER32.dll
0x00007ffe7d1a0000 - 0x00007ffe7d42e000 	C:\WINDOWS\WinSxS\amd64_microsoft.windows.common-controls_6595b64144ccf1df_6.0.22621.608_none_a9444ca7c10bb01d\COMCTL32.dll
0x00007ffe94a20000 - 0x00007ffe94a46000 	C:\WINDOWS\System32\win32u.dll
0x00007ffe96830000 - 0x00007ffe968d7000 	C:\WINDOWS\System32\msvcrt.dll
0x00007ffe96380000 - 0x00007ffe963a9000 	C:\WINDOWS\System32\GDI32.dll
0x00007ffe94420000 - 0x00007ffe94533000 	C:\WINDOWS\System32\gdi32full.dll
0x00007ffe940f0000 - 0x00007ffe9418a000 	C:\WINDOWS\System32\msvcp_win.dll
0x00007ffe96060000 - 0x00007ffe96091000 	C:\WINDOWS\System32\IMM32.DLL
0x00007ffe59a10000 - 0x00007ffe59aba000 	D:\idea\IntelliJ IDEA 2021.3.3\jbr\bin\msvcp140.dll
0x00007ffe4dd40000 - 0x00007ffe4e8ba000 	D:\idea\IntelliJ IDEA 2021.3.3\jbr\bin\server\jvm.dll
0x00007ffe960a0000 - 0x00007ffe9614e000 	C:\WINDOWS\System32\ADVAPI32.dll
0x00007ffe94d40000 - 0x00007ffe94de4000 	C:\WINDOWS\System32\sechost.dll
0x00007ffe954a0000 - 0x00007ffe955b7000 	C:\WINDOWS\System32\RPCRT4.dll
0x00007ffe96370000 - 0x00007ffe96378000 	C:\WINDOWS\System32\PSAPI.DLL
0x00007ffe8a0e0000 - 0x00007ffe8a0ea000 	C:\WINDOWS\SYSTEM32\VERSION.dll
0x00007ffe8f0f0000 - 0x00007ffe8f0f9000 	C:\WINDOWS\SYSTEM32\WSOCK32.dll
0x00007ffe8e800000 - 0x00007ffe8e834000 	C:\WINDOWS\SYSTEM32\WINMM.dll
0x00007ffe955c0000 - 0x00007ffe95631000 	C:\WINDOWS\System32\WS2_32.dll
0x00007ffe93100000 - 0x00007ffe93118000 	C:\WINDOWS\SYSTEM32\kernel.appcore.dll
0x00007ffe8e0c0000 - 0x00007ffe8e0d1000 	D:\idea\IntelliJ IDEA 2021.3.3\jbr\bin\verify.dll
0x00007ffe91a40000 - 0x00007ffe91c6e000 	C:\WINDOWS\SYSTEM32\DBGHELP.DLL
0x00007ffe968e0000 - 0x00007ffe96c69000 	C:\WINDOWS\System32\combase.dll
0x00007ffe94f80000 - 0x00007ffe95057000 	C:\WINDOWS\System32\OLEAUT32.dll
0x00007ffe8e7c0000 - 0x00007ffe8e7f2000 	C:\WINDOWS\SYSTEM32\dbgcore.DLL
0x00007ffe949a0000 - 0x00007ffe94a1b000 	C:\WINDOWS\System32\bcryptPrimitives.dll
0x00007ffe849d0000 - 0x00007ffe849f9000 	D:\idea\IntelliJ IDEA 2021.3.3\jbr\bin\java.dll
0x00007ffe8e850000 - 0x00007ffe8e85b000 	D:\idea\IntelliJ IDEA 2021.3.3\jbr\bin\jimage.dll
0x00007ffe81990000 - 0x00007ffe819a9000 	D:\idea\IntelliJ IDEA 2021.3.3\jbr\bin\zip.dll
0x00007ffe95640000 - 0x00007ffe95e30000 	C:\WINDOWS\System32\SHELL32.dll
0x00007ffe91f40000 - 0x00007ffe9280d000 	C:\WINDOWS\SYSTEM32\windows.storage.dll
0x00007ffe92850000 - 0x00007ffe9298e000 	C:\WINDOWS\SYSTEM32\wintypes.dll
0x00007ffe94df0000 - 0x00007ffe94ee1000 	C:\WINDOWS\System32\SHCORE.dll
0x00007ffe96150000 - 0x00007ffe961ae000 	C:\WINDOWS\System32\shlwapi.dll
0x00007ffe94020000 - 0x00007ffe94041000 	C:\WINDOWS\SYSTEM32\profapi.dll
0x00007ffe81970000 - 0x00007ffe8198a000 	D:\idea\IntelliJ IDEA 2021.3.3\jbr\bin\net.dll
0x00007ffe8d680000 - 0x00007ffe8d7b7000 	C:\WINDOWS\SYSTEM32\WINHTTP.dll
0x00007ffe93570000 - 0x00007ffe935d9000 	C:\WINDOWS\system32\mswsock.dll
0x00007ffe81950000 - 0x00007ffe81964000 	D:\idea\IntelliJ IDEA 2021.3.3\jbr\bin\nio.dll
0x00007ffe93800000 - 0x00007ffe9381b000 	C:\WINDOWS\SYSTEM32\CRYPTSP.dll
0x00007ffe93070000 - 0x00007ffe930a5000 	C:\WINDOWS\system32\rsaenh.dll
0x00007ffe93690000 - 0x00007ffe936b8000 	C:\WINDOWS\SYSTEM32\USERENV.dll
0x00007ffe939d0000 - 0x00007ffe939f8000 	C:\WINDOWS\SYSTEM32\bcrypt.dll
0x00007ffe937f0000 - 0x00007ffe937fc000 	C:\WINDOWS\SYSTEM32\CRYPTBASE.dll
0x00007ffe92bd0000 - 0x00007ffe92bfd000 	C:\WINDOWS\SYSTEM32\IPHLPAPI.DLL
0x00007ffe95460000 - 0x00007ffe95469000 	C:\WINDOWS\System32\NSI.dll
0x00007ffe8a940000 - 0x00007ffe8a959000 	C:\WINDOWS\SYSTEM32\dhcpcsvc6.DLL
0x00007ffe8a920000 - 0x00007ffe8a93f000 	C:\WINDOWS\SYSTEM32\dhcpcsvc.DLL
0x00007ffe92c00000 - 0x00007ffe92cf3000 	C:\WINDOWS\SYSTEM32\DNSAPI.dll
0x00007ffe8e140000 - 0x00007ffe8e148000 	D:\idea\IntelliJ IDEA 2021.3.3\jbr\bin\rmi.dll
0x00007ffe8c5f0000 - 0x00007ffe8c5fa000 	C:\Windows\System32\rasadhlp.dll
0x00007ffe8a050000 - 0x00007ffe8a0d3000 	C:\WINDOWS\System32\fwpuclnt.dll
0x00007ffe816b0000 - 0x00007ffe816d8000 	D:\idea\IntelliJ IDEA 2021.3.3\jbr\bin\sunec.dll
0x00007ffe82150000 - 0x00007ffe8215f000 	D:\idea\IntelliJ IDEA 2021.3.3\jbr\bin\sunmscapi.dll
0x00007ffe942b0000 - 0x00007ffe94416000 	C:\WINDOWS\System32\CRYPT32.dll
0x00007ffe939a0000 - 0x00007ffe939ce000 	C:\WINDOWS\SYSTEM32\ncrypt.dll
0x00007ffe93960000 - 0x00007ffe93997000 	C:\WINDOWS\SYSTEM32\NTASN1.dll

dbghelp: loaded successfully - version: 4.0.5 - missing functions: none
symbol engine: initialized successfully - sym options: 0x614 - pdb path: .;D:\idea\IntelliJ IDEA 2021.3.3\jbr\bin;C:\WINDOWS\SYSTEM32;C:\WINDOWS\WinSxS\amd64_microsoft.windows.common-controls_6595b64144ccf1df_6.0.22621.608_none_a9444ca7c10bb01d;D:\idea\IntelliJ IDEA 2021.3.3\jbr\bin\server

VM Arguments:
jvm_args: -Djava.rmi.server.hostname=127.0.0.1 -Duser.timezone=UTC -Xmx500m -Xms256m -Dfile.encoding=UTF-8 
java_command: com.intellij.database.remote.RemoteJdbcServer com.mysql.cj.jdbc.Driver
java_class_path (initial): D:\idea\IntelliJ IDEA 2021.3.3\lib\util.jar;D:\idea\IntelliJ IDEA 2021.3.3\lib\org_codehaus_groovy_groovy.jar;D:\idea\IntelliJ IDEA 2021.3.3\plugins\DatabaseTools\lib\jdbc-console.jar;C:\Users\叶永飞\AppData\Roaming\JetBrains\IntelliJIdea2021.3\jdbc-drivers\MySQL ConnectorJ\8.0.25\mysql-connector-java-8.0.25.jar
Launcher Type: SUN_STANDARD

[Global flags]
     intx CICompilerCount                          = 12                                        {product} {ergonomic}
     uint ConcGCThreads                            = 3                                         {product} {ergonomic}
     uint G1ConcRefinementThreads                  = 13                                        {product} {ergonomic}
   size_t G1HeapRegionSize                         = 1048576                                   {product} {ergonomic}
    uintx GCDrainStackTargetSize                   = 64                                        {product} {ergonomic}
   size_t InitialHeapSize                          = 268435456                                 {product} {command line}
   size_t MarkStackSize                            = 4194304                                   {product} {ergonomic}
   size_t MaxHeapSize                              = 524288000                                 {product} {command line}
   size_t MaxNewSize                               = 314572800                                 {product} {ergonomic}
   size_t MinHeapDeltaBytes                        = 1048576                                   {product} {ergonomic}
    uintx NonNMethodCodeHeapSize                   = 7594288                                {pd product} {ergonomic}
    uintx NonProfiledCodeHeapSize                  = 122031976                              {pd product} {ergonomic}
    uintx ProfiledCodeHeapSize                     = 122031976                              {pd product} {ergonomic}
    uintx ReservedCodeCacheSize                    = 251658240                              {pd product} {ergonomic}
     bool SegmentedCodeCache                       = true                                      {product} {ergonomic}
     bool UseCompressedClassPointers               = true                                 {lp64_product} {ergonomic}
     bool UseCompressedOops                        = true                                 {lp64_product} {ergonomic}
     bool UseG1GC                                  = true                                      {product} {ergonomic}
     bool UseLargePagesIndividualAllocation        = false                                  {pd product} {ergonomic}

Logging:
Log output configuration:
 #0: stdout all=warning uptime,level,tags
 #1: stderr all=off uptime,level,tags

Environment Variables:
JAVA_HOME=C:\Program Files\Java\jdk1.8.0_162
CLASSPATH=.;C:\Program Files\Java\jdk1.8.0_162\lib;C:\Program Files\Java\jdk1.8.0_162\lib\tools.jar
PATH=C:\ProgramData\Oracle\Java\javapath;C:\WINDOWS\system32;C:\WINDOWS;C:\WINDOWS\System32\Wbem;C:\WINDOWS\System32\WindowsPowerShell\v1.0\;C:\WINDOWS\System32\OpenSSH\;C:\Program Files\Bandizip\;C:\Program Files\dotnet\;D:\安装\微信web开发者工具\dll;;D:\Prog;am Files\Git\cmd;D:\Program Files\Git\cmd;H:\虚拟机\bin;D:\Version\bin;D:\安装\新建文件夹\Scripts\;D:\安装\新建文件夹\;C:\Users\叶永飞\AppData\Local\Programs\Python\Python38\Scripts\;C:\Users\叶永飞\AppData\Local\Programs\Python\Python38\;C:\Users\叶永飞\AppData\Local\Microsoft\WindowsApps;D:\pycharm\PyCharm Community Edition 2022.2.3\bin;;D:\pycharm\PyCharm 2021.3\bin;;D:\webstorm\WebStorm 2022.3.2\bin;;D:\idea\IntelliJ IDEA 2021.3.3\bin;;C:\Program Files\Java\jdk1.8.0_162\bin;C:\Program Files\Java\jdk1.8.0_162\jre\bin;
USERNAME=叶永飞
OS=Windows_NT
PROCESSOR_IDENTIFIER=AMD64 Family 25 Model 68 Stepping 1, AuthenticAMD



---------------  S Y S T E M  ---------------

OS: Windows 11 , 64 bit Build 22621 (10.0.22621.1485)
OS uptime: 0 days 7:34 hours
Hyper-V role detected

CPU:total 16 (initial active 16) (16 cores per cpu, 2 threads per core) family 25 model 68 stepping 1 microcode 0x0, cmov, cx8, fxsr, mmx, sse, sse2, sse3, ssse3, sse4.1, sse4.2, popcnt, avx, avx2, aes, clmul, mmxext, 3dnowpref, lzcnt, sse4a, ht, tsc, tscinvbit, tscinv, bmi1, bmi2, adx, sha, fma

Memory: 4k page, system-wide physical 15556M (2145M free)
TotalPageFile size 17604M (AvailPageFile size 3M)
current process WorkingSet (physical memory assigned to process): 138M, peak: 142M
current process commit charge ("private bytes"): 404M, peak: 408M

vm_info: OpenJDK 64-Bit Server VM (11.0.14.1+1-b1751.46) for windows-amd64 JRE (11.0.14.1+1-b1751.46), built on Feb 21 2022 15:19:20 by "" with MS VC++ 14.0 (VS2015)

END.
